0001_0061_0037_0030_0030.jpg 1 61 37 30 30
0002_0011_0032_0051_0051.jpg 1 11 32 51 51
0003_0043_0043_0040_0040.jpg 1 43 43 40 40
0004_0005_0024_0068_0068.jpg 1 5 24 68 68
0005_0026_0013_0030_0030.jpg 1 26 13 30 30
0006_0004_0033_0062_0062.jpg 1 4 33 62 62
0007_0033_0026_0030_0030.jpg 1 33 26 30 30
0008_0023_0025_0050_0050.jpg 1 23 25 50 50
0009_0033_0046_0032_0032.jpg 1 33 46 32 32
0010_0056_0031_0025_0025.jpg 1 56 31 25 25
0011_0023_0022_0058_0058.jpg 1 23 22 58 58
0012_0050_0045_0036_0036.jpg 1 50 45 36 36
0013_0029_0019_0067_0067.jpg 1 29 19 67 67
0014_0059_0020_0024_0024.jpg 1 59 20 24 24
0015_0037_0008_0043_0043.jpg 1 37 8 43 43
0016_0003_0014_0069_0069.jpg 1 3 14 69 69
0017_0024_0011_0041_0041.jpg 1 24 11 41 41
0018_0054_0020_0034_0034.jpg 1 54 20 34 34
0019_0019_0027_0037_0037.jpg 1 19 27 37 37
0020_0005_0021_0069_0069.jpg 1 5 21 69 69
0021_0055_0010_0031_0031.jpg 1 55 10 31 31
0022_0012_0026_0059_0059.jpg 1 12 26 59 59
0023_0025_0012_0046_0046.jpg 1 25 12 46 46
0024_0020_0053_0040_0040.jpg 1 20 53 40 40
0025_0018_0029_0061_0061.jpg 1 18 29 61 61
0026_0020_0030_0065_0065.jpg 1 20 30 65 65
0027_0008_0011_0051_0051.jpg 1 8 11 51 51
0028_0015_0018_0066_0066.jpg 1 15 18 66 66
0029_0006_0012_0048_0048.jpg 1 6 12 48 48
0030_0027_0048_0041_0041.jpg 1 27 48 41 41
0031_0024_0048_0036_0036.jpg 1 24 48 36 36
0032_0012_0018_0066_0066.jpg 1 12 18 66 66
0033_0014_0016_0056_0056.jpg 1 14 16 56 56
0034_0013_0029_0063_0063.jpg 1 13 29 63 63
0035_0014_0029_0066_0066.jpg 1 14 29 66 66
0036_0013_0047_0035_0035.jpg 1 13 47 35 35
0037_0037_0064_0028_0028.jpg 1 37 64 28 28
0038_0032_0028_0042_0042.jpg 1 32 28 42 42
0039_0046_0044_0032_0032.jpg 1 46 44 32 32
0040_0058_0038_0027_0027.jpg 1 58 38 27 27
0041_0014_0022_0061_0061.jpg 1 14 22 61 61
0042_0014_0027_0038_0038.jpg 1 14 27 38 38
0043_0023_0026_0066_0066.jpg 1 23 26 66 66
0044_0030_0053_0038_0038.jpg 1 30 53 38 38
0045_0009_0040_0031_0031.jpg 1 9 40 31 31
0046_0025_0007_0067_0067.jpg 1 25 7 67 67
0047_0029_0052_0040_0040.jpg 1 29 52 40 40
0048_0045_0017_0034_0034.jpg 1 45 17 34 34
0049_0013_0033_0039_0039.jpg 1 13 33 39 39
0050_0028_0028_0048_0048.jpg 1 28 28 48 48
0051_0021_0003_0066_0066.jpg 1 21 3 66 66
0052_0045_0009_0039_0039.jpg 1 45 9 39 39
0053_0031_0049_0040_0040.jpg 1 31 49 40 40
0054_0054_0058_0030_0030.jpg 1 54 58 30 30
0055_0045_0021_0029_0029.jpg 1 45 21 29 29
0056_0042_0050_0036_0036.jpg 1 42 50 36 36
0057_0028_0013_0065_0065.jpg 1 28 13 65 65
0058_0025_0062_0026_0026.jpg 1 25 62 26 26
0059_0043_0013_0033_0033.jpg 1 43 13 33 33
0060_0025_0042_0025_0025.jpg 1 25 42 25 25
0061_0015_0015_0059_0059.jpg 1 15 15 59 59
0062_0037_0035_0050_0050.jpg 1 37 35 50 50
0063_0004_0026_0058_0058.jpg 1 4 26 58 58
0064_0008_0023_0041_0041.jpg 1 8 23 41 41
0065_0027_0026_0037_0037.jpg 1 27 26 37 37
0066_0032_0019_0060_0060.jpg 1 32 19 60 60
0067_0009_0017_0069_0069.jpg 1 9 17 69 69
0068_0039_0042_0052_0052.jpg 1 39 42 52 52
0069_0010_0034_0024_0024.jpg 1 10 34 24 24
0070_0008_0049_0033_0033.jpg 1 8 49 33 33
0071_0050_0006_0037_0037.jpg 1 50 6 37 37
0072_0016_0016_0057_0057.jpg 1 16 16 57 57
0073_0048_0010_0026_0026.jpg 1 48 10 26 26
0074_0043_0041_0024_0024.jpg 1 43 41 24 24
0075_0005_0026_0059_0059.jpg 1 5 26 59 59
0076_0019_0005_0060_0060.jpg 1 19 5 60 60
0077_0027_0008_0063_0063.jpg 1 27 8 63 63
0078_0037_0006_0055_0055.jpg 1 37 6 55 55
0079_0034_0014_0060_0060.jpg 1 34 14 60 60
0080_0040_0013_0045_0045.jpg 1 40 13 45 45
0081_0056_0040_0024_0024.jpg 1 56 40 24 24
0082_0052_0008_0038_0038.jpg 1 52 8 38 38
0083_0012_0015_0047_0047.jpg 1 12 15 47 47
0084_0024_0020_0067_0067.jpg 1 24 20 67 67
0085_0031_0019_0045_0045.jpg 1 31 19 45 45
0086_0040_0044_0042_0042.jpg 1 40 44 42 42
0087_0034_0008_0061_0061.jpg 1 34 8 61 61
0088_0021_0016_0059_0059.jpg 1 21 16 59 59
0089_0013_0007_0060_0060.jpg 1 13 7 60 60
0090_0023_0008_0050_0050.jpg 1 23 8 50 50
0091_0017_0016_0059_0059.jpg 1 17 16 59 59
0092_0013_0017_0060_0060.jpg 1 13 17 60 60
0093_0020_0015_0062_0062.jpg 1 20 15 62 62
0094_0026_0030_0062_0062.jpg 1 26 30 62 62
0095_0033_0034_0044_0044.jpg 1 33 34 44 44
0096_0011_0018_0058_0058.jpg 1 11 18 58 58
0097_0055_0035_0034_0034.jpg 1 55 35 34 34
0098_0028_0020_0062_0062.jpg 1 28 20 62 62
0099_0012_0019_0063_0063.jpg 1 12 19 63 63
0100_0012_0020_0058_0058.jpg 1 12 20 58 58
0101_0036_0023_0041_0041.jpg 1 36 23 41 41
0102_0025_0024_0046_0046.jpg 1 25 24 46 46
0103_0047_0031_0041_0041.jpg 1 47 31 41 41
0104_0021_0008_0067_0067.jpg 1 21 8 67 67
0105_0039_0022_0046_0046.jpg 1 39 22 46 46
0106_0020_0005_0057_0057.jpg 1 20 5 57 57
0107_0046_0042_0046_0046.jpg 1 46 42 46 46
0108_0055_0006_0038_0038.jpg 1 55 6 38 38
0109_0031_0014_0064_0064.jpg 1 31 14 64 64
0110_0010_0044_0041_0041.jpg 1 10 44 41 41
0111_0023_0040_0051_0051.jpg 1 23 40 51 51
0112_0028_0050_0028_0028.jpg 1 28 50 28 28
0113_0015_0036_0024_0024.jpg 1 15 36 24 24
0114_0009_0043_0044_0044.jpg 1 9 43 44 44
0115_0005_0046_0046_0046.jpg 1 5 46 46 46
0116_0039_0044_0048_0048.jpg 1 39 44 48 48
0117_0011_0029_0060_0060.jpg 1 11 29 60 60
0118_0018_0011_0059_0059.jpg 1 18 11 59 59
0119_0028_0019_0063_0063.jpg 1 28 19 63 63
0120_0010_0022_0058_0058.jpg 1 10 22 58 58
0121_0007_0013_0069_0069.jpg 1 7 13 69 69
0122_0025_0020_0061_0061.jpg 1 25 20 61 61
0123_0024_0025_0049_0049.jpg 1 24 25 49 49
0124_0024_0013_0069_0069.jpg 1 24 13 69 69
0125_0017_0030_0029_0029.jpg 1 17 30 29 29
0126_0064_0023_0027_0027.jpg 1 64 23 27 27
0127_0009_0010_0068_0068.jpg 1 9 10 68 68
0128_0023_0028_0024_0024.jpg 1 23 28 24 24
0129_0034_0027_0060_0060.jpg 1 34 27 60 60
0130_0029_0015_0058_0058.jpg 1 29 15 58 58
0131_0021_0058_0031_0031.jpg 1 21 58 31 31
0132_0008_0036_0058_0058.jpg 1 8 36 58 58
0133_0020_0004_0069_0069.jpg 1 20 4 69 69
0134_0031_0022_0049_0049.jpg 1 31 22 49 49
0135_0021_0029_0064_0064.jpg 1 21 29 64 64
0136_0053_0049_0032_0032.jpg 1 53 49 32 32
0137_0053_0009_0035_0035.jpg 1 53 9 35 35
0138_0007_0028_0059_0059.jpg 1 7 28 59 59
0139_0051_0046_0026_0026.jpg 1 51 46 26 26
0140_0006_0028_0040_0040.jpg 1 6 28 40 40
0141_0013_0032_0062_0062.jpg 1 13 32 62 62
0142_0018_0047_0043_0043.jpg 1 18 47 43 43
0143_0035_0063_0027_0027.jpg 1 35 63 27 27
0144_0023_0014_0048_0048.jpg 1 23 14 48 48
0145_0035_0058_0030_0030.jpg 1 35 58 30 30
0146_0030_0034_0045_0045.jpg 1 30 34 45 45
0147_0044_0052_0028_0028.jpg 1 44 52 28 28
0148_0026_0028_0055_0055.jpg 1 26 28 55 55
0149_0045_0013_0040_0040.jpg 1 45 13 40 40
0150_0016_0028_0033_0033.jpg 1 16 28 33 33
0151_0061_0052_0028_0028.jpg 1 61 52 28 28
0152_0018_0006_0058_0058.jpg 1 18 6 58 58
0153_0026_0015_0041_0041.jpg 1 26 15 41 41
0154_0036_0038_0052_0052.jpg 1 36 38 52 52
0155_0013_0019_0045_0045.jpg 1 13 19 45 45
0156_0025_0017_0059_0059.jpg 1 25 17 59 59
0157_0015_0017_0051_0051.jpg 1 15 17 51 51
0158_0028_0038_0044_0044.jpg 1 28 38 44 44
0159_0018_0020_0026_0026.jpg 1 18 20 26 26
0160_0049_0062_0025_0025.jpg 1 49 62 25 25
0161_0032_0056_0025_0025.jpg 1 32 56 25 25
0162_0008_0017_0047_0047.jpg 1 8 17 47 47
0163_0007_0034_0028_0028.jpg 1 7 34 28 28
0164_0026_0045_0048_0048.jpg 1 26 45 48 48
0165_0032_0028_0051_0051.jpg 1 32 28 51 51
0166_0040_0048_0030_0030.jpg 1 40 48 30 30
0167_0007_0036_0024_0024.jpg 1 7 36 24 24
0168_0015_0026_0053_0053.jpg 1 15 26 53 53
0169_0047_0019_0032_0032.jpg 1 47 19 32 32
0170_0030_0006_0063_0063.jpg 1 30 6 63 63
0171_0038_0006_0046_0046.jpg 1 38 6 46 46
0172_0029_0038_0035_0035.jpg 1 29 38 35 35
0173_0038_0010_0030_0030.jpg 1 38 10 30 30
0174_0005_0037_0051_0051.jpg 1 5 37 51 51
0175_0010_0004_0062_0062.jpg 1 10 4 62 62
0176_0026_0051_0026_0026.jpg 1 26 51 26 26
0177_0036_0050_0038_0038.jpg 1 36 50 38 38
0178_0007_0018_0063_0063.jpg 1 7 18 63 63
0179_0038_0036_0052_0052.jpg 1 38 36 52 52
0180_0016_0008_0051_0051.jpg 1 16 8 51 51
0181_0025_0026_0069_0069.jpg 1 25 26 69 69
0182_0031_0013_0056_0056.jpg 1 31 13 56 56
0183_0041_0020_0047_0047.jpg 1 41 20 47 47
0184_0023_0035_0038_0038.jpg 1 23 35 38 38
0185_0020_0009_0042_0042.jpg 1 20 9 42 42
0186_0020_0030_0045_0045.jpg 1 20 30 45 45
0187_0024_0016_0067_0067.jpg 1 24 16 67 67
0188_0023_0028_0060_0060.jpg 1 23 28 60 60
0189_0029_0023_0066_0066.jpg 1 29 23 66 66
0190_0024_0028_0046_0046.jpg 1 24 28 46 46
0191_0019_0031_0044_0044.jpg 1 19 31 44 44
0192_0027_0017_0066_0066.jpg 1 27 17 66 66
0193_0033_0011_0046_0046.jpg 1 33 11 46 46
0194_0023_0006_0061_0061.jpg 1 23 6 61 61
0195_0012_0019_0068_0068.jpg 1 12 19 68 68
0196_0012_0012_0042_0042.jpg 1 12 12 42 42
0197_0030_0015_0062_0062.jpg 1 30 15 62 62
0198_0033_0030_0047_0047.jpg 1 33 30 47 47
0199_0021_0039_0046_0046.jpg 1 21 39 46 46
0200_0019_0034_0047_0047.jpg 1 19 34 47 47
0201_0023_0028_0035_0035.jpg 1 23 28 35 35
0202_0057_0016_0027_0027.jpg 1 57 16 27 27
0203_0016_0028_0061_0061.jpg 1 16 28 61 61
0204_0020_0045_0031_0031.jpg 1 20 45 31 31
0205_0021_0030_0063_0063.jpg 1 21 30 63 63
0206_0025_0016_0067_0067.jpg 1 25 16 67 67
0207_0032_0013_0037_0037.jpg 1 32 13 37 37
0208_0018_0048_0046_0046.jpg 1 18 48 46 46
0209_0046_0029_0046_0046.jpg 1 46 29 46 46
0210_0041_0036_0034_0034.jpg 1 41 36 34 34
0211_0029_0011_0057_0057.jpg 1 29 11 57 57
0212_0063_0017_0028_0028.jpg 1 63 17 28 28
0213_0014_0005_0058_0058.jpg 1 14 5 58 58
0214_0035_0043_0034_0034.jpg 1 35 43 34 34
0215_0024_0028_0055_0055.jpg 1 24 28 55 55
0216_0017_0020_0065_0065.jpg 1 17 20 65 65
0217_0025_0011_0063_0063.jpg 1 25 11 63 63
0218_0038_0033_0041_0041.jpg 1 38 33 41 41
0219_0010_0022_0055_0055.jpg 1 10 22 55 55
0220_0016_0004_0065_0065.jpg 1 16 4 65 65
0221_0004_0005_0066_0066.jpg 1 4 5 66 66
0222_0033_0006_0045_0045.jpg 1 33 6 45 45
0223_0036_0027_0029_0029.jpg 1 36 27 29 29
0224_0010_0027_0056_0056.jpg 1 10 27 56 56
0225_0057_0041_0028_0028.jpg 1 57 41 28 28
0226_0010_0012_0069_0069.jpg 1 10 12 69 69
0227_0051_0046_0040_0040.jpg 1 51 46 40 40
0228_0010_0012_0034_0034.jpg 1 10 12 34 34
0229_0025_0029_0049_0049.jpg 1 25 29 49 49
0230_0025_0053_0034_0034.jpg 1 25 53 34 34
0231_0020_0013_0060_0060.jpg 1 20 13 60 60
0232_0042_0028_0024_0024.jpg 1 42 28 24 24
0233_0052_0028_0027_0027.jpg 1 52 28 27 27
0234_0022_0024_0064_0064.jpg 1 22 24 64 64
0235_0021_0020_0028_0028.jpg 1 21 20 28 28
0236_0043_0008_0040_0040.jpg 1 43 8 40 40
0237_0006_0007_0062_0062.jpg 1 6 7 62 62
0238_0047_0033_0039_0039.jpg 1 47 33 39 39
0239_0023_0017_0056_0056.jpg 1 23 17 56 56
0240_0025_0035_0044_0044.jpg 1 25 35 44 44
0241_0014_0010_0062_0062.jpg 1 14 10 62 62
0242_0031_0035_0050_0050.jpg 1 31 35 50 50
0243_0012_0004_0069_0069.jpg 1 12 4 69 69
0244_0026_0019_0055_0055.jpg 1 26 19 55 55
0245_0016_0017_0054_0054.jpg 1 16 17 54 54
0246_0056_0009_0031_0031.jpg 1 56 9 31 31
0247_0028_0023_0067_0067.jpg 1 28 23 67 67
0248_0010_0013_0055_0055.jpg 1 10 13 55 55
0249_0047_0039_0047_0047.jpg 1 47 39 47 47
0250_0022_0024_0026_0026.jpg 1 22 24 26 26
0251_0022_0008_0049_0049.jpg 1 22 8 49 49
0252_0047_0052_0029_0029.jpg 1 47 52 29 29
0253_0008_0035_0058_0058.jpg 1 8 35 58 58
0254_0033_0039_0053_0053.jpg 1 33 39 53 53
0255_0052_0029_0037_0037.jpg 1 52 29 37 37
0256_0047_0054_0037_0037.jpg 1 47 54 37 37
0257_0061_0052_0024_0024.jpg 1 61 52 24 24
0258_0051_0039_0029_0029.jpg 1 51 39 29 29
0259_0030_0007_0052_0052.jpg 1 30 7 52 52
0260_0019_0031_0054_0054.jpg 1 19 31 54 54
0261_0035_0031_0057_0057.jpg 1 35 31 57 57
0262_0031_0045_0044_0044.jpg 1 31 45 44 44
0263_0047_0043_0029_0029.jpg 1 47 43 29 29
0264_0020_0041_0042_0042.jpg 1 20 41 42 42
0265_0008_0012_0065_0065.jpg 1 8 12 65 65
0266_0007_0019_0042_0042.jpg 1 7 19 42 42
0267_0038_0044_0033_0033.jpg 1 38 44 33 33
0268_0046_0030_0045_0045.jpg 1 46 30 45 45
0269_0018_0023_0041_0041.jpg 1 18 23 41 41
0270_0023_0008_0067_0067.jpg 1 23 8 67 67
0271_0036_0032_0058_0058.jpg 1 36 32 58 58
0272_0018_0029_0059_0059.jpg 1 18 29 59 59
0273_0026_0012_0061_0061.jpg 1 26 12 61 61
0274_0012_0020_0027_0027.jpg 1 12 20 27 27
0275_0030_0019_0054_0054.jpg 1 30 19 54 54
0276_0021_0021_0049_0049.jpg 1 21 21 49 49
0277_0039_0031_0027_0027.jpg 1 39 31 27 27
0278_0016_0008_0059_0059.jpg 1 16 8 59 59
0279_0017_0050_0036_0036.jpg 1 17 50 36 36
0280_0019_0042_0050_0050.jpg 1 19 42 50 50
0281_0033_0026_0058_0058.jpg 1 33 26 58 58
0282_0035_0017_0035_0035.jpg 1 35 17 35 35
0283_0031_0053_0026_0026.jpg 1 31 53 26 26
0284_0035_0047_0041_0041.jpg 1 35 47 41 41
0285_0051_0024_0029_0029.jpg 1 51 24 29 29
0286_0023_0021_0036_0036.jpg 1 23 21 36 36
0287_0023_0017_0055_0055.jpg 1 23 17 55 55
0288_0031_0017_0045_0045.jpg 1 31 17 45 45
0289_0026_0023_0044_0044.jpg 1 26 23 44 44
0290_0060_0055_0028_0028.jpg 1 60 55 28 28
0291_0026_0020_0052_0052.jpg 1 26 20 52 52
0292_0067_0061_0024_0024.jpg 1 67 61 24 24
0293_0029_0020_0060_0060.jpg 1 29 20 60 60
0294_0034_0044_0028_0028.jpg 1 34 44 28 28
0295_0029_0028_0064_0064.jpg 1 29 28 64 64
0296_0042_0048_0045_0045.jpg 1 42 48 45 45
0297_0029_0011_0053_0053.jpg 1 29 11 53 53
0298_0047_0012_0046_0046.jpg 1 47 12 46 46
0299_0032_0020_0053_0053.jpg 1 32 20 53 53
0300_0025_0044_0037_0037.jpg 1 25 44 37 37
0301_0019_0043_0043_0043.jpg 1 19 43 43 43
0302_0017_0016_0069_0069.jpg 1 17 16 69 69
0303_0021_0037_0058_0058.jpg 1 21 37 58 58
0304_0012_0027_0045_0045.jpg 1 12 27 45 45
0305_0038_0018_0044_0044.jpg 1 38 18 44 44
0306_0052_0022_0029_0029.jpg 1 52 22 29 29
0307_0030_0013_0053_0053.jpg 1 30 13 53 53
0308_0036_0018_0056_0056.jpg 1 36 18 56 56
0309_0015_0018_0069_0069.jpg 1 15 18 69 69
0310_0038_0034_0044_0044.jpg 1 38 34 44 44
0311_0016_0058_0028_0028.jpg 1 16 58 28 28
0312_0038_0030_0026_0026.jpg 1 38 30 26 26
0313_0057_0027_0036_0036.jpg 1 57 27 36 36
0314_0028_0014_0065_0065.jpg 1 28 14 65 65
0315_0022_0036_0042_0042.jpg 1 22 36 42 42
0316_0031_0041_0050_0050.jpg 1 31 41 50 50
0317_0021_0027_0058_0058.jpg 1 21 27 58 58
0318_0057_0025_0030_0030.jpg 1 57 25 30 30
0319_0026_0017_0041_0041.jpg 1 26 17 41 41
0320_0019_0013_0053_0053.jpg 1 19 13 53 53
0321_0015_0029_0054_0054.jpg 1 15 29 54 54
0322_0047_0036_0039_0039.jpg 1 47 36 39 39
0323_0009_0050_0032_0032.jpg 1 9 50 32 32
0324_0039_0040_0039_0039.jpg 1 39 40 39 39
0325_0032_0042_0027_0027.jpg 1 32 42 27 27
0326_0013_0008_0031_0031.jpg 1 13 8 31 31
0327_0014_0030_0045_0045.jpg 1 14 30 45 45
0328_0025_0011_0053_0053.jpg 1 25 11 53 53
0329_0008_0032_0037_0037.jpg 1 8 32 37 37
0330_0031_0021_0042_0042.jpg 1 31 21 42 42
0331_0004_0005_0069_0069.jpg 1 4 5 69 69
0332_0020_0024_0068_0068.jpg 1 20 24 68 68
0333_0007_0011_0050_0050.jpg 1 7 11 50 50
0334_0023_0012_0054_0054.jpg 1 23 12 54 54
0335_0021_0015_0066_0066.jpg 1 21 15 66 66
0336_0012_0038_0046_0046.jpg 1 12 38 46 46
0337_0012_0012_0048_0048.jpg 1 12 12 48 48
0338_0008_0008_0068_0068.jpg 1 8 8 68 68
0339_0017_0047_0038_0038.jpg 1 17 47 38 38
0340_0015_0011_0047_0047.jpg 1 15 11 47 47
0341_0027_0017_0065_0065.jpg 1 27 17 65 65
0342_0028_0029_0063_0063.jpg 1 28 29 63 63
0343_0039_0033_0029_0029.jpg 1 39 33 29 29
0344_0019_0017_0055_0055.jpg 1 19 17 55 55
0345_0020_0009_0059_0059.jpg 1 20 9 59 59
0346_0005_0015_0049_0049.jpg 1 5 15 49 49
0347_0027_0018_0065_0065.jpg 1 27 18 65 65
0348_0025_0008_0064_0064.jpg 1 25 8 64 64
0349_0009_0033_0056_0056.jpg 1 9 33 56 56
0350_0015_0018_0043_0043.jpg 1 15 18 43 43
0351_0018_0018_0032_0032.jpg 1 18 18 32 32
0352_0063_0025_0026_0026.jpg 1 63 25 26 26
0353_0035_0053_0033_0033.jpg 1 35 53 33 33
0354_0015_0041_0041_0041.jpg 1 15 41 41 41
0355_0027_0015_0039_0039.jpg 1 27 15 39 39
0356_0018_0021_0065_0065.jpg 1 18 21 65 65
0357_0041_0014_0046_0046.jpg 1 41 14 46 46
0358_0050_0007_0030_0030.jpg 1 50 7 30 30
0359_0027_0019_0067_0067.jpg 1 27 19 67 67
0360_0020_0043_0048_0048.jpg 1 20 43 48 48
0361_0061_0029_0025_0025.jpg 1 61 29 25 25
0362_0049_0020_0035_0035.jpg 1 49 20 35 35
0363_0004_0011_0062_0062.jpg 1 4 11 62 62
0364_0053_0042_0030_0030.jpg 1 53 42 30 30
0365_0013_0028_0062_0062.jpg 1 13 28 62 62
0366_0028_0014_0029_0029.jpg 1 28 14 29 29
0367_0040_0011_0041_0041.jpg 1 40 11 41 41
0368_0040_0006_0049_0049.jpg 1 40 6 49 49
0369_0026_0015_0025_0025.jpg 1 26 15 25 25
0370_0022_0021_0045_0045.jpg 1 22 21 45 45
0371_0008_0020_0069_0069.jpg 1 8 20 69 69
0372_0045_0039_0049_0049.jpg 1 45 39 49 49
0373_0010_0045_0025_0025.jpg 1 10 45 25 25
0374_0041_0038_0051_0051.jpg 1 41 38 51 51
0375_0010_0031_0024_0024.jpg 1 10 31 24 24
0376_0007_0039_0052_0052.jpg 1 7 39 52 52
0377_0010_0038_0057_0057.jpg 1 10 38 57 57
0378_0053_0043_0033_0033.jpg 1 53 43 33 33
0379_0054_0061_0029_0029.jpg 1 54 61 29 29
0380_0037_0022_0045_0045.jpg 1 37 22 45 45
0381_0017_0006_0056_0056.jpg 1 17 6 56 56
0382_0053_0050_0028_0028.jpg 1 53 50 28 28
0383_0042_0029_0026_0026.jpg 1 42 29 26 26
0384_0035_0031_0052_0052.jpg 1 35 31 52 52
0385_0048_0029_0044_0044.jpg 1 48 29 44 44
0386_0027_0016_0046_0046.jpg 1 27 16 46 46
0387_0013_0035_0025_0025.jpg 1 13 35 25 25
0388_0025_0037_0050_0050.jpg 1 25 37 50 50
0389_0026_0015_0032_0032.jpg 1 26 15 32 32
0390_0022_0018_0060_0060.jpg 1 22 18 60 60
0391_0028_0005_0062_0062.jpg 1 28 5 62 62
0392_0050_0060_0029_0029.jpg 1 50 60 29 29
0393_0010_0007_0067_0067.jpg 1 10 7 67 67
0394_0026_0004_0067_0067.jpg 1 26 4 67 67
0395_0011_0018_0056_0056.jpg 1 11 18 56 56
0396_0003_0009_0067_0067.jpg 1 3 9 67 67
0397_0022_0022_0069_0069.jpg 1 22 22 69 69
0398_0010_0014_0054_0054.jpg 1 10 14 54 54
0399_0036_0048_0036_0036.jpg 1 36 48 36 36
0400_0008_0004_0051_0051.jpg 1 8 4 51 51
0401_0033_0024_0061_0061.jpg 1 33 24 61 61
0402_0012_0031_0060_0060.jpg 1 12 31 60 60
0403_0008_0034_0028_0028.jpg 1 8 34 28 28
0404_0020_0023_0051_0051.jpg 1 20 23 51 51
0405_0015_0029_0033_0033.jpg 1 15 29 33 33
0406_0008_0033_0042_0042.jpg 1 8 33 42 42
0407_0035_0035_0037_0037.jpg 1 35 35 37 37
0408_0014_0003_0063_0063.jpg 1 14 3 63 63
0409_0008_0017_0069_0069.jpg 1 8 17 69 69
0410_0008_0005_0060_0060.jpg 1 8 5 60 60
0411_0005_0031_0063_0063.jpg 1 5 31 63 63
0412_0039_0053_0024_0024.jpg 1 39 53 24 24
0413_0022_0047_0034_0034.jpg 1 22 47 34 34
0414_0029_0042_0024_0024.jpg 1 29 42 24 24
0415_0036_0034_0051_0051.jpg 1 36 34 51 51
0416_0020_0005_0057_0057.jpg 1 20 5 57 57
0417_0023_0007_0047_0047.jpg 1 23 7 47 47
0418_0042_0023_0041_0041.jpg 1 42 23 41 41
0419_0059_0048_0032_0032.jpg 1 59 48 32 32
0420_0048_0024_0035_0035.jpg 1 48 24 35 35
0421_0031_0014_0031_0031.jpg 1 31 14 31 31
0422_0019_0022_0062_0062.jpg 1 19 22 62 62
0423_0029_0022_0053_0053.jpg 1 29 22 53 53
0424_0008_0022_0065_0065.jpg 1 8 22 65 65
0425_0023_0011_0065_0065.jpg 1 23 11 65 65
0426_0055_0025_0038_0038.jpg 1 55 25 38 38
0427_0027_0009_0024_0024.jpg 1 27 9 24 24
0428_0045_0038_0046_0046.jpg 1 45 38 46 46
0429_0031_0026_0046_0046.jpg 1 31 26 46 46
0430_0047_0029_0046_0046.jpg 1 47 29 46 46
0431_0011_0025_0057_0057.jpg 1 11 25 57 57
0432_0015_0034_0045_0045.jpg 1 15 34 45 45
0433_0008_0015_0065_0065.jpg 1 8 15 65 65
0434_0012_0033_0049_0049.jpg 1 12 33 49 49
0435_0039_0024_0051_0051.jpg 1 39 24 51 51
0436_0036_0021_0031_0031.jpg 1 36 21 31 31
0437_0038_0013_0055_0055.jpg 1 38 13 55 55
0438_0051_0044_0040_0040.jpg 1 51 44 40 40
0439_0063_0050_0029_0029.jpg 1 63 50 29 29
0440_0011_0028_0054_0054.jpg 1 11 28 54 54
0441_0040_0040_0036_0036.jpg 1 40 40 36 36
0442_0026_0009_0046_0046.jpg 1 26 9 46 46
0443_0034_0015_0037_0037.jpg 1 34 15 37 37
0444_0010_0035_0047_0047.jpg 1 10 35 47 47
0445_0034_0010_0052_0052.jpg 1 34 10 52 52
0446_0017_0026_0032_0032.jpg 1 17 26 32 32
0447_0040_0005_0050_0050.jpg 1 40 5 50 50
0448_0025_0007_0030_0030.jpg 1 25 7 30 30
0449_0025_0013_0045_0045.jpg 1 25 13 45 45
0450_0007_0024_0064_0064.jpg 1 7 24 64 64
0451_0031_0032_0063_0063.jpg 1 31 32 63 63
0452_0024_0020_0069_0069.jpg 1 24 20 69 69
0453_0035_0018_0030_0030.jpg 1 35 18 30 30
0454_0012_0006_0048_0048.jpg 1 12 6 48 48
0455_0036_0031_0051_0051.jpg 1 36 31 51 51
0456_0017_0022_0068_0068.jpg 1 17 22 68 68
0457_0014_0045_0036_0036.jpg 1 14 45 36 36
0458_0017_0011_0065_0065.jpg 1 17 11 65 65
0459_0006_0010_0041_0041.jpg 1 6 10 41 41
0460_0039_0013_0053_0053.jpg 1 39 13 53 53
0461_0045_0055_0034_0034.jpg 1 45 55 34 34
0462_0010_0007_0042_0042.jpg 1 10 7 42 42
0463_0064_0021_0027_0027.jpg 1 64 21 27 27
0464_0027_0021_0066_0066.jpg 1 27 21 66 66
0465_0024_0012_0066_0066.jpg 1 24 12 66 66
0466_0012_0011_0055_0055.jpg 1 12 11 55 55
0467_0012_0047_0042_0042.jpg 1 12 47 42 42
0468_0041_0010_0047_0047.jpg 1 41 10 47 47
0469_0022_0017_0065_0065.jpg 1 22 17 65 65
0470_0008_0018_0035_0035.jpg 1 8 18 35 35
0471_0042_0048_0042_0042.jpg 1 42 48 42 42
0472_0021_0016_0062_0062.jpg 1 21 16 62 62
0473_0034_0032_0054_0054.jpg 1 34 32 54 54
0474_0013_0035_0029_0029.jpg 1 13 35 29 29
0475_0009_0005_0062_0062.jpg 1 9 5 62 62
0476_0042_0041_0034_0034.jpg 1 42 41 34 34
0477_0045_0056_0028_0028.jpg 1 45 56 28 28
0478_0012_0006_0066_0066.jpg 1 12 6 66 66
0479_0038_0028_0029_0029.jpg 1 38 28 29 29
0480_0014_0045_0030_0030.jpg 1 14 45 30 30
0481_0012_0032_0063_0063.jpg 1 12 32 63 63
0482_0030_0006_0031_0031.jpg 1 30 6 31 31
0483_0039_0019_0034_0034.jpg 1 39 19 34 34
0484_0026_0020_0057_0057.jpg 1 26 20 57 57
0485_0022_0029_0055_0055.jpg 1 22 29 55 55
0486_0016_0027_0066_0066.jpg 1 16 27 66 66
0487_0021_0008_0058_0058.jpg 1 21 8 58 58
0488_0023_0023_0045_0045.jpg 1 23 23 45 45
0489_0034_0058_0032_0032.jpg 1 34 58 32 32
0490_0011_0003_0063_0063.jpg 1 11 3 63 63
0491_0024_0021_0068_0068.jpg 1 24 21 68 68
0492_0047_0027_0040_0040.jpg 1 47 27 40 40
0493_0034_0028_0038_0038.jpg 1 34 28 38 38
0494_0009_0011_0059_0059.jpg 1 9 11 59 59
0495_0022_0036_0035_0035.jpg 1 22 36 35 35
0496_0033_0017_0039_0039.jpg 1 33 17 39 39
0497_0031_0022_0032_0032.jpg 1 31 22 32 32
0498_0035_0025_0038_0038.jpg 1 35 25 38 38
0499_0010_0034_0046_0046.jpg 1 10 34 46 46
0500_0028_0031_0057_0057.jpg 1 28 31 57 57
0501_0016_0023_0054_0054.jpg 1 16 23 54 54
0502_0017_0013_0057_0057.jpg 1 17 13 57 57
0503_0007_0028_0061_0061.jpg 1 7 28 61 61
0504_0046_0013_0028_0028.jpg 1 46 13 28 28
0505_0013_0026_0033_0033.jpg 1 13 26 33 33
0506_0040_0026_0045_0045.jpg 1 40 26 45 45
0507_0013_0012_0066_0066.jpg 1 13 12 66 66
0508_0021_0047_0047_0047.jpg 1 21 47 47 47
0509_0038_0043_0051_0051.jpg 1 38 43 51 51
0510_0038_0020_0054_0054.jpg 1 38 20 54 54
0511_0037_0045_0028_0028.jpg 1 37 45 28 28
0512_0043_0009_0028_0028.jpg 1 43 9 28 28
0513_0030_0037_0053_0053.jpg 1 30 37 53 53
0514_0022_0016_0067_0067.jpg 1 22 16 67 67
0515_0034_0065_0026_0026.jpg 1 34 65 26 26
0516_0016_0040_0046_0046.jpg 1 16 40 46 46
0517_0047_0036_0042_0042.jpg 1 47 36 42 42
0518_0008_0004_0067_0067.jpg 1 8 4 67 67
0519_0021_0028_0063_0063.jpg 1 21 28 63 63
0520_0025_0019_0061_0061.jpg 1 25 19 61 61
0521_0033_0031_0050_0050.jpg 1 33 31 50 50
0522_0006_0033_0056_0056.jpg 1 6 33 56 56
0523_0023_0026_0066_0066.jpg 1 23 26 66 66
0524_0054_0041_0026_0026.jpg 1 54 41 26 26
0525_0034_0008_0049_0049.jpg 1 34 8 49 49
0526_0015_0028_0043_0043.jpg 1 15 28 43 43
0527_0028_0015_0030_0030.jpg 1 28 15 30 30
0528_0015_0051_0039_0039.jpg 1 15 51 39 39
0529_0017_0041_0037_0037.jpg 1 17 41 37 37
0530_0057_0055_0032_0032.jpg 1 57 55 32 32
0531_0018_0019_0035_0035.jpg 1 18 19 35 35
0532_0039_0021_0055_0055.jpg 1 39 21 55 55
0533_0028_0028_0065_0065.jpg 1 28 28 65 65
0534_0011_0028_0056_0056.jpg 1 11 28 56 56
0535_0046_0011_0048_0048.jpg 1 46 11 48 48
0536_0044_0030_0047_0047.jpg 1 44 30 47 47
0537_0008_0031_0056_0056.jpg 1 8 31 56 56
0538_0030_0038_0049_0049.jpg 1 30 38 49 49
0539_0032_0028_0057_0057.jpg 1 32 28 57 57
0540_0049_0027_0039_0039.jpg 1 49 27 39 39
0541_0009_0009_0063_0063.jpg 1 9 9 63 63
0542_0023_0030_0066_0066.jpg 1 23 30 66 66
0543_0005_0015_0066_0066.jpg 1 5 15 66 66
0544_0038_0037_0048_0048.jpg 1 38 37 48 48
0545_0012_0053_0030_0030.jpg 1 12 53 30 30
0546_0021_0056_0030_0030.jpg 1 21 56 30 30
0547_0027_0019_0069_0069.jpg 1 27 19 69 69
0548_0008_0023_0036_0036.jpg 1 8 23 36 36
0549_0038_0013_0025_0025.jpg 1 38 13 25 25
0550_0012_0030_0033_0033.jpg 1 12 30 33 33
0551_0043_0028_0033_0033.jpg 1 43 28 33 33
0552_0038_0043_0048_0048.jpg 1 38 43 48 48
0553_0028_0009_0051_0051.jpg 1 28 9 51 51
0554_0007_0016_0064_0064.jpg 1 7 16 64 64
0555_0013_0026_0037_0037.jpg 1 13 26 37 37
0556_0016_0025_0062_0062.jpg 1 16 25 62 62
0557_0049_0039_0032_0032.jpg 1 49 39 32 32
0558_0014_0006_0064_0064.jpg 1 14 6 64 64
0559_0013_0029_0064_0064.jpg 1 13 29 64 64
0560_0017_0023_0042_0042.jpg 1 17 23 42 42
0561_0020_0029_0053_0053.jpg 1 20 29 53 53
0562_0034_0047_0040_0040.jpg 1 34 47 40 40
0563_0022_0010_0039_0039.jpg 1 22 10 39 39
0564_0031_0005_0047_0047.jpg 1 31 5 47 47
0565_0012_0018_0059_0059.jpg 1 12 18 59 59
0566_0019_0008_0037_0037.jpg 1 19 8 37 37
0567_0025_0032_0047_0047.jpg 1 25 32 47 47
0568_0036_0033_0045_0045.jpg 1 36 33 45 45
0569_0020_0010_0044_0044.jpg 1 20 10 44 44
0570_0012_0049_0039_0039.jpg 1 12 49 39 39
0571_0028_0040_0048_0048.jpg 1 28 40 48 48
0572_0007_0041_0053_0053.jpg 1 7 41 53 53
0573_0035_0022_0056_0056.jpg 1 35 22 56 56
0574_0061_0061_0031_0031.jpg 1 61 61 31 31
0575_0016_0024_0049_0049.jpg 1 16 24 49 49
0576_0024_0016_0059_0059.jpg 1 24 16 59 59
0577_0033_0025_0044_0044.jpg 1 33 25 44 44
0578_0023_0059_0030_0030.jpg 1 23 59 30 30
0579_0015_0053_0028_0028.jpg 1 15 53 28 28
0580_0014_0027_0068_0068.jpg 1 14 27 68 68
0581_0024_0047_0037_0037.jpg 1 24 47 37 37
0582_0015_0032_0058_0058.jpg 1 15 32 58 58
0583_0037_0027_0050_0050.jpg 1 37 27 50 50
0584_0050_0026_0042_0042.jpg 1 50 26 42 42
0585_0012_0026_0027_0027.jpg 1 12 26 27 27
0586_0033_0048_0045_0045.jpg 1 33 48 45 45
0587_0031_0031_0058_0058.jpg 1 31 31 58 58
0588_0008_0053_0036_0036.jpg 1 8 53 36 36
0589_0032_0006_0063_0063.jpg 1 32 6 63 63
0590_0041_0059_0032_0032.jpg 1 41 59 32 32
0591_0029_0011_0063_0063.jpg 1 29 11 63 63
0592_0011_0049_0040_0040.jpg 1 11 49 40 40
0593_0048_0034_0027_0027.jpg 1 48 34 27 27
0594_0010_0020_0044_0044.jpg 1 10 20 44 44
0595_0039_0024_0041_0041.jpg 1 39 24 41 41
0596_0008_0030_0060_0060.jpg 1 8 30 60 60
0597_0024_0005_0047_0047.jpg 1 24 5 47 47
0598_0043_0028_0044_0044.jpg 1 43 28 44 44
0599_0035_0014_0036_0036.jpg 1 35 14 36 36
0600_0009_0016_0042_0042.jpg 1 9 16 42 42
0601_0048_0056_0035_0035.jpg 1 48 56 35 35
0602_0006_0031_0059_0059.jpg 1 6 31 59 59
0603_0010_0010_0068_0068.jpg 1 10 10 68 68
0604_0010_0009_0050_0050.jpg 1 10 9 50 50
0605_0016_0021_0027_0027.jpg 1 16 21 27 27
0606_0026_0048_0037_0037.jpg 1 26 48 37 37
0607_0026_0016_0067_0067.jpg 1 26 16 67 67
0608_0032_0029_0058_0058.jpg 1 32 29 58 58
0609_0023_0018_0054_0054.jpg 1 23 18 54 54
0610_0047_0059_0027_0027.jpg 1 47 59 27 27
0611_0010_0046_0031_0031.jpg 1 10 46 31 31
0612_0022_0042_0050_0050.jpg 1 22 42 50 50
0613_0031_0013_0041_0041.jpg 1 31 13 41 41
0614_0018_0019_0067_0067.jpg 1 18 19 67 67
0615_0035_0034_0040_0040.jpg 1 35 34 40 40
0616_0036_0018_0030_0030.jpg 1 36 18 30 30
0617_0055_0056_0034_0034.jpg 1 55 56 34 34
0618_0011_0031_0063_0063.jpg 1 11 31 63 63
0619_0027_0021_0051_0051.jpg 1 27 21 51 51
0620_0038_0027_0031_0031.jpg 1 38 27 31 31
0621_0032_0041_0025_0025.jpg 1 32 41 25 25
0622_0057_0012_0026_0026.jpg 1 57 12 26 26
0623_0021_0013_0059_0059.jpg 1 21 13 59 59
0624_0031_0039_0042_0042.jpg 1 31 39 42 42
0625_0066_0021_0026_0026.jpg 1 66 21 26 26
0626_0012_0060_0026_0026.jpg 1 12 60 26 26
0627_0006_0021_0041_0041.jpg 1 6 21 41 41
0628_0031_0016_0039_0039.jpg 1 31 16 39 39
0629_0011_0019_0063_0063.jpg 1 11 19 63 63
0630_0009_0005_0057_0057.jpg 1 9 5 57 57
0631_0033_0031_0043_0043.jpg 1 33 31 43 43
0632_0014_0039_0037_0037.jpg 1 14 39 37 37
0633_0048_0061_0030_0030.jpg 1 48 61 30 30
0634_0024_0042_0051_0051.jpg 1 24 42 51 51
0635_0046_0028_0032_0032.jpg 1 46 28 32 32
0636_0010_0041_0033_0033.jpg 1 10 41 33 33
0637_0026_0016_0062_0062.jpg 1 26 16 62 62
0638_0043_0040_0050_0050.jpg 1 43 40 50 50
0639_0025_0018_0041_0041.jpg 1 25 18 41 41
0640_0027_0020_0049_0049.jpg 1 27 20 49 49
0641_0060_0058_0032_0032.jpg 1 60 58 32 32
0642_0059_0037_0033_0033.jpg 1 59 37 33 33
0643_0008_0024_0055_0055.jpg 1 8 24 55 55
0644_0011_0008_0060_0060.jpg 1 11 8 60 60
0645_0008_0032_0058_0058.jpg 1 8 32 58 58
0646_0033_0037_0056_0056.jpg 1 33 37 56 56
0647_0012_0015_0038_0038.jpg 1 12 15 38 38
0648_0022_0027_0055_0055.jpg 1 22 27 55 55
0649_0005_0015_0055_0055.jpg 1 5 15 55 55
0650_0028_0014_0047_0047.jpg 1 28 14 47 47
0651_0031_0021_0060_0060.jpg 1 31 21 60 60
0652_0030_0028_0054_0054.jpg 1 30 28 54 54
0653_0043_0048_0038_0038.jpg 1 43 48 38 38
0654_0014_0030_0064_0064.jpg 1 14 30 64 64
0655_0033_0019_0025_0025.jpg 1 33 19 25 25
0656_0006_0024_0060_0060.jpg 1 6 24 60 60
0657_0023_0035_0053_0053.jpg 1 23 35 53 53
0658_0025_0016_0047_0047.jpg 1 25 16 47 47
0659_0023_0051_0029_0029.jpg 1 23 51 29 29
0660_0041_0052_0033_0033.jpg 1 41 52 33 33
0661_0036_0026_0055_0055.jpg 1 36 26 55 55
0662_0039_0049_0037_0037.jpg 1 39 49 37 37
0663_0064_0012_0027_0027.jpg 1 64 12 27 27
0664_0009_0039_0052_0052.jpg 1 9 39 52 52
0665_0046_0031_0035_0035.jpg 1 46 31 35 35
0666_0008_0032_0060_0060.jpg 1 8 32 60 60
0667_0045_0014_0045_0045.jpg 1 45 14 45 45
0668_0027_0010_0068_0068.jpg 1 27 10 68 68
0669_0013_0017_0054_0054.jpg 1 13 17 54 54
0670_0025_0024_0057_0057.jpg 1 25 24 57 57
0671_0016_0004_0052_0052.jpg 1 16 4 52 52
0672_0010_0012_0061_0061.jpg 1 10 12 61 61
0673_0028_0004_0059_0059.jpg 1 28 4 59 59
0674_0033_0026_0038_0038.jpg 1 33 26 38 38
0675_0018_0015_0034_0034.jpg 1 18 15 34 34
0676_0029_0039_0050_0050.jpg 1 29 39 50 50
0677_0014_0027_0043_0043.jpg 1 14 27 43 43
0678_0035_0039_0031_0031.jpg 1 35 39 31 31
0679_0039_0030_0040_0040.jpg 1 39 30 40 40
0680_0047_0029_0037_0037.jpg 1 47 29 37 37
0681_0050_0012_0038_0038.jpg 1 50 12 38 38
0682_0053_0024_0037_0037.jpg 1 53 24 37 37
0683_0030_0034_0051_0051.jpg 1 30 34 51 51
0684_0024_0013_0062_0062.jpg 1 24 13 62 62
0685_0037_0029_0056_0056.jpg 1 37 29 56 56
0686_0018_0025_0049_0049.jpg 1 18 25 49 49
0687_0016_0036_0056_0056.jpg 1 16 36 56 56
0688_0016_0020_0045_0045.jpg 1 16 20 45 45
0689_0022_0043_0040_0040.jpg 1 22 43 40 40
0690_0027_0027_0039_0039.jpg 1 27 27 39 39
0691_0049_0039_0024_0024.jpg 1 49 39 24 24
0692_0015_0041_0043_0043.jpg 1 15 41 43 43
0693_0017_0028_0043_0043.jpg 1 17 28 43 43
0694_0059_0050_0032_0032.jpg 1 59 50 32 32
0695_0036_0028_0054_0054.jpg 1 36 28 54 54
0696_0031_0021_0055_0055.jpg 1 31 21 55 55
0697_0018_0030_0052_0052.jpg 1 18 30 52 52
0698_0026_0021_0068_0068.jpg 1 26 21 68 68
0699_0015_0020_0040_0040.jpg 1 15 20 40 40
0700_0041_0034_0045_0045.jpg 1 41 34 45 45
0701_0055_0015_0026_0026.jpg 1 55 15 26 26
0702_0019_0032_0053_0053.jpg 1 19 32 53 53
0703_0058_0052_0032_0032.jpg 1 58 52 32 32
0704_0017_0012_0041_0041.jpg 1 17 12 41 41
0705_0023_0008_0059_0059.jpg 1 23 8 59 59
0706_0034_0041_0034_0034.jpg 1 34 41 34 34
0707_0033_0013_0057_0057.jpg 1 33 13 57 57
0708_0037_0022_0027_0027.jpg 1 37 22 27 27
0709_0024_0019_0058_0058.jpg 1 24 19 58 58
0710_0023_0010_0036_0036.jpg 1 23 10 36 36
0711_0005_0018_0068_0068.jpg 1 5 18 68 68
0712_0039_0030_0049_0049.jpg 1 39 30 49 49
0713_0030_0021_0052_0052.jpg 1 30 21 52 52
0714_0031_0015_0061_0061.jpg 1 31 15 61 61
0715_0058_0056_0025_0025.jpg 1 58 56 25 25
0716_0047_0022_0039_0039.jpg 1 47 22 39 39
0717_0035_0010_0027_0027.jpg 1 35 10 27 27
0718_0057_0046_0025_0025.jpg 1 57 46 25 25
0719_0029_0031_0053_0053.jpg 1 29 31 53 53
0720_0030_0019_0061_0061.jpg 1 30 19 61 61
0721_0031_0058_0034_0034.jpg 1 31 58 34 34
0722_0042_0017_0026_0026.jpg 1 42 17 26 26
0723_0021_0012_0063_0063.jpg 1 21 12 63 63
0724_0044_0021_0042_0042.jpg 1 44 21 42 42
0725_0028_0048_0042_0042.jpg 1 28 48 42 42
0726_0015_0022_0060_0060.jpg 1 15 22 60 60
0727_0037_0011_0026_0026.jpg 1 37 11 26 26
0728_0019_0056_0025_0025.jpg 1 19 56 25 25
0729_0021_0012_0024_0024.jpg 1 21 12 24 24
0730_0012_0008_0066_0066.jpg 1 12 8 66 66
0731_0041_0049_0045_0045.jpg 1 41 49 45 45
0732_0039_0030_0056_0056.jpg 1 39 30 56 56
0733_0018_0024_0032_0032.jpg 1 18 24 32 32
0734_0022_0034_0035_0035.jpg 1 22 34 35 35
0735_0007_0024_0069_0069.jpg 1 7 24 69 69
0736_0011_0041_0044_0044.jpg 1 11 41 44 44
0737_0024_0011_0060_0060.jpg 1 24 11 60 60
0738_0031_0035_0052_0052.jpg 1 31 35 52 52
0739_0028_0026_0064_0064.jpg 1 28 26 64 64
0740_0054_0028_0029_0029.jpg 1 54 28 29 29
0741_0008_0028_0068_0068.jpg 1 8 28 68 68
0742_0032_0012_0060_0060.jpg 1 32 12 60 60
0743_0039_0030_0047_0047.jpg 1 39 30 47 47
0744_0059_0022_0032_0032.jpg 1 59 22 32 32
0745_0032_0011_0057_0057.jpg 1 32 11 57 57
0746_0016_0016_0062_0062.jpg 1 16 16 62 62
0747_0040_0043_0042_0042.jpg 1 40 43 42 42
0748_0019_0008_0059_0059.jpg 1 19 8 59 59
0749_0047_0018_0041_0041.jpg 1 47 18 41 41
0750_0046_0027_0045_0045.jpg 1 46 27 45 45
0751_0046_0016_0029_0029.jpg 1 46 16 29 29
0752_0034_0019_0041_0041.jpg 1 34 19 41 41
0753_0024_0008_0056_0056.jpg 1 24 8 56 56
0754_0020_0038_0046_0046.jpg 1 20 38 46 46
0755_0013_0009_0041_0041.jpg 1 13 9 41 41
0756_0048_0036_0028_0028.jpg 1 48 36 28 28
0757_0026_0026_0067_0067.jpg 1 26 26 67 67
0758_0039_0013_0043_0043.jpg 1 39 13 43 43
0759_0025_0053_0028_0028.jpg 1 25 53 28 28
0760_0021_0014_0026_0026.jpg 1 21 14 26 26
0761_0051_0018_0036_0036.jpg 1 51 18 36 36
0762_0042_0043_0025_0025.jpg 1 42 43 25 25
0763_0006_0025_0057_0057.jpg 1 6 25 57 57
0764_0056_0007_0034_0034.jpg 1 56 7 34 34
0765_0027_0016_0044_0044.jpg 1 27 16 44 44
0766_0019_0016_0056_0056.jpg 1 19 16 56 56
0767_0040_0010_0050_0050.jpg 1 40 10 50 50
0768_0034_0026_0056_0056.jpg 1 34 26 56 56
0769_0030_0004_0062_0062.jpg 1 30 4 62 62
0770_0018_0025_0064_0064.jpg 1 18 25 64 64
0771_0012_0019_0063_0063.jpg 1 12 19 63 63
0772_0015_0023_0065_0065.jpg 1 15 23 65 65
0773_0033_0017_0049_0049.jpg 1 33 17 49 49
0774_0012_0031_0047_0047.jpg 1 12 31 47 47
0775_0017_0008_0051_0051.jpg 1 17 8 51 51
0776_0016_0009_0063_0063.jpg 1 16 9 63 63
0777_0032_0015_0057_0057.jpg 1 32 15 57 57
0778_0043_0017_0031_0031.jpg 1 43 17 31 31
0779_0018_0010_0042_0042.jpg 1 18 10 42 42
0780_0017_0018_0053_0053.jpg 1 17 18 53 53
0781_0049_0053_0038_0038.jpg 1 49 53 38 38
0782_0019_0028_0060_0060.jpg 1 19 28 60 60
0783_0034_0040_0053_0053.jpg 1 34 40 53 53
0784_0031_0020_0062_0062.jpg 1 31 20 62 62
0785_0049_0048_0042_0042.jpg 1 49 48 42 42
0786_0038_0035_0055_0055.jpg 1 38 35 55 55
0787_0048_0022_0032_0032.jpg 1 48 22 32 32
0788_0036_0017_0035_0035.jpg 1 36 17 35 35
0789_0012_0007_0068_0068.jpg 1 12 7 68 68
0790_0009_0014_0037_0037.jpg 1 9 14 37 37
0791_0048_0021_0027_0027.jpg 1 48 21 27 27
0792_0007_0025_0062_0062.jpg 1 7 25 62 62
0793_0008_0044_0039_0039.jpg 1 8 44 39 39
0794_0007_0027_0033_0033.jpg 1 7 27 33 33
0795_0029_0010_0067_0067.jpg 1 29 10 67 67
0796_0051_0015_0028_0028.jpg 1 51 15 28 28
0797_0051_0011_0034_0034.jpg 1 51 11 34 34
0798_0026_0015_0059_0059.jpg 1 26 15 59 59
0799_0036_0021_0035_0035.jpg 1 36 21 35 35
0800_0033_0016_0043_0043.jpg 1 33 16 43 43
0801_0044_0037_0032_0032.jpg 1 44 37 32 32
0802_0032_0050_0027_0027.jpg 1 32 50 27 27
0803_0023_0031_0058_0058.jpg 1 23 31 58 58
0804_0043_0050_0036_0036.jpg 1 43 50 36 36
0805_0018_0013_0048_0048.jpg 1 18 13 48 48
0806_0031_0017_0055_0055.jpg 1 31 17 55 55
0807_0041_0037_0042_0042.jpg 1 41 37 42 42
0808_0008_0034_0046_0046.jpg 1 8 34 46 46
0809_0005_0016_0066_0066.jpg 1 5 16 66 66
0810_0008_0011_0065_0065.jpg 1 8 11 65 65
0811_0035_0060_0030_0030.jpg 1 35 60 30 30
0812_0042_0037_0037_0037.jpg 1 42 37 37 37
0813_0013_0025_0060_0060.jpg 1 13 25 60 60
0814_0043_0040_0032_0032.jpg 1 43 40 32 32
0815_0041_0036_0026_0026.jpg 1 41 36 26 26
0816_0021_0033_0050_0050.jpg 1 21 33 50 50
0817_0007_0031_0061_0061.jpg 1 7 31 61 61
0818_0027_0045_0037_0037.jpg 1 27 45 37 37
0819_0012_0037_0056_0056.jpg 1 12 37 56 56
0820_0031_0025_0063_0063.jpg 1 31 25 63 63
0821_0060_0022_0030_0030.jpg 1 60 22 30 30
0822_0032_0048_0034_0034.jpg 1 32 48 34 34
0823_0020_0028_0026_0026.jpg 1 20 28 26 26
0824_0021_0012_0046_0046.jpg 1 21 12 46 46
0825_0021_0033_0031_0031.jpg 1 21 33 31 31
0826_0017_0045_0029_0029.jpg 1 17 45 29 29
0827_0008_0027_0049_0049.jpg 1 8 27 49 49
0828_0053_0024_0027_0027.jpg 1 53 24 27 27
0829_0022_0015_0061_0061.jpg 1 22 15 61 61
0830_0009_0025_0060_0060.jpg 1 9 25 60 60
0831_0009_0055_0035_0035.jpg 1 9 55 35 35
0832_0026_0035_0040_0040.jpg 1 26 35 40 40
0833_0027_0024_0067_0067.jpg 1 27 24 67 67
0834_0036_0036_0034_0034.jpg 1 36 36 34 34
0835_0035_0032_0055_0055.jpg 1 35 32 55 55
0836_0047_0013_0028_0028.jpg 1 47 13 28 28
0837_0044_0017_0034_0034.jpg 1 44 17 34 34
0838_0052_0008_0028_0028.jpg 1 52 8 28 28
0839_0016_0009_0061_0061.jpg 1 16 9 61 61
0840_0040_0031_0054_0054.jpg 1 40 31 54 54
0841_0050_0027_0041_0041.jpg 1 50 27 41 41
0842_0015_0021_0069_0069.jpg 1 15 21 69 69
0843_0013_0044_0037_0037.jpg 1 13 44 37 37
0844_0023_0014_0059_0059.jpg 1 23 14 59 59
0845_0018_0058_0024_0024.jpg 1 18 58 24 24
0846_0030_0037_0045_0045.jpg 1 30 37 45 45
0847_0016_0009_0055_0055.jpg 1 16 9 55 55
0848_0010_0027_0040_0040.jpg 1 10 27 40 40
0849_0033_0012_0040_0040.jpg 1 33 12 40 40
0850_0015_0029_0067_0067.jpg 1 15 29 67 67
0851_0026_0007_0057_0057.jpg 1 26 7 57 57
0852_0026_0030_0059_0059.jpg 1 26 30 59 59
0853_0024_0006_0060_0060.jpg 1 24 6 60 60
0854_0018_0013_0069_0069.jpg 1 18 13 69 69
0855_0021_0023_0066_0066.jpg 1 21 23 66 66
0856_0031_0057_0033_0033.jpg 1 31 57 33 33
0857_0015_0031_0046_0046.jpg 1 15 31 46 46
0858_0032_0017_0059_0059.jpg 1 32 17 59 59
0859_0026_0044_0039_0039.jpg 1 26 44 39 39
0860_0010_0021_0054_0054.jpg 1 10 21 54 54
0861_0010_0024_0056_0056.jpg 1 10 24 56 56
0862_0060_0058_0030_0030.jpg 1 60 58 30 30
0863_0013_0017_0061_0061.jpg 1 13 17 61 61
0864_0014_0014_0067_0067.jpg 1 14 14 67 67
0865_0022_0013_0056_0056.jpg 1 22 13 56 56
0866_0025_0035_0051_0051.jpg 1 25 35 51 51
0867_0006_0027_0063_0063.jpg 1 6 27 63 63
0868_0027_0028_0068_0068.jpg 1 27 28 68 68
0869_0016_0054_0030_0030.jpg 1 16 54 30 30
0870_0022_0034_0062_0062.jpg 1 22 34 62 62
0871_0021_0033_0060_0060.jpg 1 21 33 60 60
0872_0022_0025_0056_0056.jpg 1 22 25 56 56
0873_0021_0015_0061_0061.jpg 1 21 15 61 61
0874_0040_0006_0036_0036.jpg 1 40 6 36 36
0875_0023_0047_0026_0026.jpg 1 23 47 26 26
0876_0018_0043_0034_0034.jpg 1 18 43 34 34
0877_0027_0056_0034_0034.jpg 1 27 56 34 34
0878_0041_0018_0043_0043.jpg 1 41 18 43 43
0879_0043_0046_0041_0041.jpg 1 43 46 41 41
0880_0029_0040_0045_0045.jpg 1 29 40 45 45
0881_0041_0027_0050_0050.jpg 1 41 27 50 50
0882_0019_0032_0054_0054.jpg 1 19 32 54 54
0883_0020_0017_0046_0046.jpg 1 20 17 46 46
0884_0034_0010_0062_0062.jpg 1 34 10 62 62
0885_0009_0041_0052_0052.jpg 1 9 41 52 52
0886_0005_0024_0065_0065.jpg 1 5 24 65 65
0887_0032_0046_0039_0039.jpg 1 32 46 39 39
0888_0059_0016_0026_0026.jpg 1 59 16 26 26
0889_0037_0012_0044_0044.jpg 1 37 12 44 44
0890_0021_0037_0028_0028.jpg 1 21 37 28 28
0891_0030_0033_0026_0026.jpg 1 30 33 26 26
0892_0046_0022_0037_0037.jpg 1 46 22 37 37
0893_0023_0013_0062_0062.jpg 1 23 13 62 62
0894_0015_0015_0069_0069.jpg 1 15 15 69 69
0895_0045_0033_0037_0037.jpg 1 45 33 37 37
0896_0042_0048_0041_0041.jpg 1 42 48 41 41
0897_0036_0009_0058_0058.jpg 1 36 9 58 58
0898_0006_0004_0061_0061.jpg 1 6 4 61 61
0899_0032_0028_0051_0051.jpg 1 32 28 51 51
0900_0013_0032_0059_0059.jpg 1 13 32 59 59
0901_0011_0014_0060_0060.jpg 1 11 14 60 60
0902_0012_0054_0032_0032.jpg 1 12 54 32 32
0903_0026_0014_0064_0064.jpg 1 26 14 64 64
0904_0020_0025_0056_0056.jpg 1 20 25 56 56
0905_0005_0025_0058_0058.jpg 1 5 25 58 58
0906_0018_0018_0025_0025.jpg 1 18 18 25 25
0907_0011_0036_0057_0057.jpg 1 11 36 57 57
0908_0035_0039_0044_0044.jpg 1 35 39 44 44
0909_0054_0017_0039_0039.jpg 1 54 17 39 39
0910_0010_0026_0066_0066.jpg 1 10 26 66 66
0911_0029_0018_0028_0028.jpg 1 29 18 28 28
0912_0030_0005_0063_0063.jpg 1 30 5 63 63
0913_0027_0038_0048_0048.jpg 1 27 38 48 48
0914_0024_0009_0043_0043.jpg 1 24 9 43 43
0915_0013_0023_0060_0060.jpg 1 13 23 60 60
0916_0020_0009_0062_0062.jpg 1 20 9 62 62
0917_0013_0030_0049_0049.jpg 1 13 30 49 49
0918_0047_0011_0027_0027.jpg 1 47 11 27 27
0919_0011_0011_0038_0038.jpg 1 11 11 38 38
0920_0052_0020_0030_0030.jpg 1 52 20 30 30
0921_0031_0023_0036_0036.jpg 1 31 23 36 36
0922_0029_0053_0039_0039.jpg 1 29 53 39 39
0923_0036_0031_0050_0050.jpg 1 36 31 50 50
0924_0021_0010_0056_0056.jpg 1 21 10 56 56
0925_0065_0014_0025_0025.jpg 1 65 14 25 25
0926_0045_0019_0041_0041.jpg 1 45 19 41 41
0927_0025_0010_0050_0050.jpg 1 25 10 50 50
0928_0037_0014_0056_0056.jpg 1 37 14 56 56
0929_0063_0039_0024_0024.jpg 1 63 39 24 24
0930_0017_0033_0062_0062.jpg 1 17 33 62 62
0931_0021_0031_0063_0063.jpg 1 21 31 63 63
0932_0040_0039_0054_0054.jpg 1 40 39 54 54
0933_0025_0055_0034_0034.jpg 1 25 55 34 34
0934_0018_0011_0047_0047.jpg 1 18 11 47 47
0935_0021_0004_0063_0063.jpg 1 21 4 63 63
0936_0011_0025_0067_0067.jpg 1 11 25 67 67
0937_0039_0023_0031_0031.jpg 1 39 23 31 31
0938_0028_0049_0030_0030.jpg 1 28 49 30 30
0939_0019_0017_0063_0063.jpg 1 19 17 63 63
0940_0035_0024_0045_0045.jpg 1 35 24 45 45
0941_0059_0041_0024_0024.jpg 1 59 41 24 24
0942_0033_0036_0055_0055.jpg 1 33 36 55 55
0943_0011_0028_0034_0034.jpg 1 11 28 34 34
0944_0031_0050_0029_0029.jpg 1 31 50 29 29
0945_0053_0013_0026_0026.jpg 1 53 13 26 26
0946_0005_0012_0061_0061.jpg 1 5 12 61 61
0947_0013_0027_0053_0053.jpg 1 13 27 53 53
0948_0032_0031_0042_0042.jpg 1 32 31 42 42
0949_0018_0014_0048_0048.jpg 1 18 14 48 48
0950_0032_0019_0024_0024.jpg 1 32 19 24 24
0951_0011_0025_0061_0061.jpg 1 11 25 61 61
0952_0004_0015_0067_0067.jpg 1 4 15 67 67
0953_0035_0008_0048_0048.jpg 1 35 8 48 48
0954_0056_0051_0024_0024.jpg 1 56 51 24 24
0955_0053_0049_0037_0037.jpg 1 53 49 37 37
0956_0028_0020_0063_0063.jpg 1 28 20 63 63
0957_0019_0026_0061_0061.jpg 1 19 26 61 61
0958_0023_0017_0065_0065.jpg 1 23 17 65 65
0959_0038_0053_0037_0037.jpg 1 38 53 37 37
0960_0026_0025_0043_0043.jpg 1 26 25 43 43
0961_0029_0015_0061_0061.jpg 1 29 15 61 61
0962_0042_0024_0024_0024.jpg 1 42 24 24 24
0963_0033_0009_0029_0029.jpg 1 33 9 29 29
0964_0046_0043_0026_0026.jpg 1 46 43 26 26
0965_0038_0049_0039_0039.jpg 1 38 49 39 39
0966_0021_0013_0053_0053.jpg 1 21 13 53 53
0967_0061_0046_0027_0027.jpg 1 61 46 27 27
0968_0009_0043_0040_0040.jpg 1 9 43 40 40
0969_0013_0010_0043_0043.jpg 1 13 10 43 43
0970_0034_0018_0052_0052.jpg 1 34 18 52 52
0971_0030_0007_0045_0045.jpg 1 30 7 45 45
0972_0033_0026_0041_0041.jpg 1 33 26 41 41
0973_0012_0016_0064_0064.jpg 1 12 16 64 64
0974_0009_0050_0035_0035.jpg 1 9 50 35 35
0975_0051_0021_0036_0036.jpg 1 51 21 36 36
0976_0056_0042_0035_0035.jpg 1 56 42 35 35
0977_0025_0032_0028_0028.jpg 1 25 32 28 28
0978_0066_0026_0024_0024.jpg 1 66 26 24 24
0979_0017_0051_0034_0034.jpg 1 17 51 34 34
0980_0031_0047_0026_0026.jpg 1 31 47 26 26
0981_0032_0050_0029_0029.jpg 1 32 50 29 29
0982_0011_0014_0062_0062.jpg 1 11 14 62 62
0983_0015_0049_0038_0038.jpg 1 15 49 38 38
0984_0031_0037_0057_0057.jpg 1 31 37 57 57
0985_0047_0067_0024_0024.jpg 1 47 67 24 24
0986_0034_0026_0034_0034.jpg 1 34 26 34 34
0987_0013_0025_0037_0037.jpg 1 13 25 37 37
0988_0027_0050_0027_0027.jpg 1 27 50 27 27
0989_0029_0005_0055_0055.jpg 1 29 5 55 55
0990_0035_0033_0040_0040.jpg 1 35 33 40 40
0991_0033_0047_0027_0027.jpg 1 33 47 27 27
0992_0025_0059_0024_0024.jpg 1 25 59 24 24
0993_0004_0009_0054_0054.jpg 1 4 9 54 54
0994_0037_0035_0050_0050.jpg 1 37 35 50 50
0995_0038_0005_0054_0054.jpg 1 38 5 54 54
0996_0030_0020_0065_0065.jpg 1 30 20 65 65
0997_0037_0007_0032_0032.jpg 1 37 7 32 32
0998_0033_0020_0050_0050.jpg 1 33 20 50 50
0999_0016_0051_0042_0042.jpg 1 16 51 42 42
1000_0022_0030_0059_0059.jpg 1 22 30 59 59
1001_0046_0031_0027_0027.jpg 1 46 31 27 27
1002_0034_0030_0030_0030.jpg 1 34 30 30 30
1003_0040_0044_0043_0043.jpg 1 40 44 43 43
1004_0027_0021_0062_0062.jpg 1 27 21 62 62
1005_0034_0015_0027_0027.jpg 1 34 15 27 27
1006_0037_0011_0037_0037.jpg 1 37 11 37 37
1007_0028_0008_0048_0048.jpg 1 28 8 48 48
1008_0036_0032_0045_0045.jpg 1 36 32 45 45
1009_0054_0060_0030_0030.jpg 1 54 60 30 30
1010_0024_0020_0041_0041.jpg 1 24 20 41 41
1011_0023_0019_0055_0055.jpg 1 23 19 55 55
1012_0012_0011_0049_0049.jpg 1 12 11 49 49
1013_0037_0045_0047_0047.jpg 1 37 45 47 47
1014_0041_0024_0036_0036.jpg 1 41 24 36 36
1015_0020_0007_0053_0053.jpg 1 20 7 53 53
1016_0053_0007_0029_0029.jpg 1 53 7 29 29
1017_0049_0032_0037_0037.jpg 1 49 32 37 37
1018_0042_0040_0045_0045.jpg 1 42 40 45 45
1019_0029_0018_0047_0047.jpg 1 29 18 47 47
1020_0012_0008_0051_0051.jpg 1 12 8 51 51
1021_0018_0008_0059_0059.jpg 1 18 8 59 59
1022_0013_0013_0059_0059.jpg 1 13 13 59 59
1023_0005_0009_0062_0062.jpg 1 5 9 62 62
1024_0037_0025_0051_0051.jpg 1 37 25 51 51
1025_0026_0045_0046_0046.jpg 1 26 45 46 46
1026_0026_0007_0034_0034.jpg 1 26 7 34 34
1027_0006_0026_0042_0042.jpg 1 6 26 42 42
1028_0015_0055_0028_0028.jpg 1 15 55 28 28
1029_0041_0033_0053_0053.jpg 1 41 33 53 53
1030_0013_0015_0042_0042.jpg 1 13 15 42 42
1031_0032_0028_0063_0063.jpg 1 32 28 63 63
1032_0017_0056_0034_0034.jpg 1 17 56 34 34
1033_0009_0012_0066_0066.jpg 1 9 12 66 66
1034_0009_0013_0057_0057.jpg 1 9 13 57 57
1035_0038_0041_0045_0045.jpg 1 38 41 45 45
1036_0023_0027_0050_0050.jpg 1 23 27 50 50
1037_0028_0033_0059_0059.jpg 1 28 33 59 59
1038_0027_0005_0060_0060.jpg 1 27 5 60 60
1039_0053_0009_0037_0037.jpg 1 53 9 37 37
1040_0033_0025_0051_0051.jpg 1 33 25 51 51
1041_0024_0008_0035_0035.jpg 1 24 8 35 35
1042_0017_0032_0044_0044.jpg 1 17 32 44 44
1043_0016_0014_0046_0046.jpg 1 16 14 46 46
1044_0010_0047_0047_0047.jpg 1 10 47 47 47
1045_0017_0018_0053_0053.jpg 1 17 18 53 53
1046_0022_0011_0059_0059.jpg 1 22 11 59 59
1047_0036_0036_0059_0059.jpg 1 36 36 59 59
1048_0030_0006_0053_0053.jpg 1 30 6 53 53
1049_0048_0061_0031_0031.jpg 1 48 61 31 31
1050_0017_0028_0060_0060.jpg 1 17 28 60 60
1051_0044_0038_0047_0047.jpg 1 44 38 47 47
1052_0012_0046_0047_0047.jpg 1 12 46 47 47
1053_0044_0015_0037_0037.jpg 1 44 15 37 37
1054_0022_0043_0040_0040.jpg 1 22 43 40 40
1055_0044_0037_0050_0050.jpg 1 44 37 50 50
1056_0003_0011_0068_0068.jpg 1 3 11 68 68
1057_0006_0019_0069_0069.jpg 1 6 19 69 69
1058_0017_0032_0036_0036.jpg 1 17 32 36 36
1059_0052_0053_0038_0038.jpg 1 52 53 38 38
1060_0047_0018_0037_0037.jpg 1 47 18 37 37
1061_0011_0019_0057_0057.jpg 1 11 19 57 57
1062_0019_0019_0066_0066.jpg 1 19 19 66 66
1063_0020_0019_0063_0063.jpg 1 20 19 63 63
1064_0040_0009_0052_0052.jpg 1 40 9 52 52
1065_0052_0019_0036_0036.jpg 1 52 19 36 36
1066_0029_0031_0027_0027.jpg 1 29 31 27 27
1067_0016_0014_0041_0041.jpg 1 16 14 41 41
1068_0036_0020_0029_0029.jpg 1 36 20 29 29
1069_0033_0045_0046_0046.jpg 1 33 45 46 46
1070_0017_0011_0067_0067.jpg 1 17 11 67 67
1071_0026_0014_0030_0030.jpg 1 26 14 30 30
1072_0034_0006_0036_0036.jpg 1 34 6 36 36
1073_0020_0054_0033_0033.jpg 1 20 54 33 33
1074_0018_0027_0046_0046.jpg 1 18 27 46 46
1075_0004_0028_0062_0062.jpg 1 4 28 62 62
1076_0016_0017_0062_0062.jpg 1 16 17 62 62
1077_0039_0039_0055_0055.jpg 1 39 39 55 55
1078_0022_0024_0061_0061.jpg 1 22 24 61 61
1079_0011_0014_0066_0066.jpg 1 11 14 66 66
1080_0051_0038_0034_0034.jpg 1 51 38 34 34
1081_0030_0013_0043_0043.jpg 1 30 13 43 43
1082_0040_0009_0028_0028.jpg 1 40 9 28 28
1083_0015_0034_0051_0051.jpg 1 15 34 51 51
1084_0026_0026_0062_0062.jpg 1 26 26 62 62
1085_0025_0015_0043_0043.jpg 1 25 15 43 43
1086_0036_0038_0056_0056.jpg 1 36 38 56 56
1087_0011_0033_0046_0046.jpg 1 11 33 46 46
1088_0040_0028_0053_0053.jpg 1 40 28 53 53
1089_0008_0039_0026_0026.jpg 1 8 39 26 26
1090_0034_0005_0060_0060.jpg 1 34 5 60 60
1091_0015_0032_0052_0052.jpg 1 15 32 52 52
1092_0034_0012_0041_0041.jpg 1 34 12 41 41
1093_0052_0053_0037_0037.jpg 1 52 53 37 37
1094_0016_0014_0037_0037.jpg 1 16 14 37 37
1095_0022_0008_0046_0046.jpg 1 22 8 46 46
1096_0015_0007_0065_0065.jpg 1 15 7 65 65
1097_0024_0044_0049_0049.jpg 1 24 44 49 49
1098_0031_0033_0055_0055.jpg 1 31 33 55 55
1099_0036_0024_0047_0047.jpg 1 36 24 47 47
1100_0013_0022_0035_0035.jpg 1 13 22 35 35
1101_0045_0061_0029_0029.jpg 1 45 61 29 29
1102_0016_0036_0051_0051.jpg 1 16 36 51 51
1103_0039_0019_0043_0043.jpg 1 39 19 43 43
1104_0042_0022_0048_0048.jpg 1 42 22 48 48
1105_0005_0020_0063_0063.jpg 1 5 20 63 63
1106_0004_0022_0060_0060.jpg 1 4 22 60 60
1107_0026_0038_0057_0057.jpg 1 26 38 57 57
1108_0018_0011_0054_0054.jpg 1 18 11 54 54
1109_0038_0028_0053_0053.jpg 1 38 28 53 53
1110_0025_0047_0045_0045.jpg 1 25 47 45 45
1111_0010_0041_0051_0051.jpg 1 10 41 51 51
1112_0014_0022_0056_0056.jpg 1 14 22 56 56
1113_0025_0008_0068_0068.jpg 1 25 8 68 68
1114_0041_0031_0041_0041.jpg 1 41 31 41 41
1115_0023_0037_0026_0026.jpg 1 23 37 26 26
1116_0034_0010_0044_0044.jpg 1 34 10 44 44
1117_0024_0015_0035_0035.jpg 1 24 15 35 35
1118_0048_0051_0035_0035.jpg 1 48 51 35 35
1119_0023_0031_0052_0052.jpg 1 23 31 52 52
1120_0010_0058_0026_0026.jpg 1 10 58 26 26
1121_0026_0048_0036_0036.jpg 1 26 48 36 36
1122_0016_0027_0029_0029.jpg 1 16 27 29 29
1123_0021_0014_0060_0060.jpg 1 21 14 60 60
1124_0004_0016_0064_0064.jpg 1 4 16 64 64
1125_0034_0029_0054_0054.jpg 1 34 29 54 54
1126_0065_0054_0025_0025.jpg 1 65 54 25 25
1127_0015_0015_0068_0068.jpg 1 15 15 68 68
1128_0011_0017_0054_0054.jpg 1 11 17 54 54
1129_0045_0045_0031_0031.jpg 1 45 45 31 31
1130_0031_0026_0034_0034.jpg 1 31 26 34 34
1131_0023_0020_0060_0060.jpg 1 23 20 60 60
1132_0027_0013_0057_0057.jpg 1 27 13 57 57
1133_0011_0032_0061_0061.jpg 1 11 32 61 61
1134_0025_0023_0064_0064.jpg 1 25 23 64 64
1135_0007_0012_0031_0031.jpg 1 7 12 31 31
1136_0029_0026_0060_0060.jpg 1 29 26 60 60
1137_0008_0013_0037_0037.jpg 1 8 13 37 37
1138_0054_0019_0039_0039.jpg 1 54 19 39 39
1139_0053_0039_0028_0028.jpg 1 53 39 28 28
1140_0016_0015_0053_0053.jpg 1 16 15 53 53
1141_0022_0026_0066_0066.jpg 1 22 26 66 66
1142_0048_0036_0028_0028.jpg 1 48 36 28 28
1143_0024_0018_0041_0041.jpg 1 24 18 41 41
1144_0040_0036_0044_0044.jpg 1 40 36 44 44
1145_0048_0025_0041_0041.jpg 1 48 25 41 41
1146_0045_0017_0037_0037.jpg 1 45 17 37 37
1147_0058_0029_0029_0029.jpg 1 58 29 29 29
1148_0020_0027_0061_0061.jpg 1 20 27 61 61
1149_0005_0034_0050_0050.jpg 1 5 34 50 50
1150_0020_0033_0051_0051.jpg 1 20 33 51 51
1151_0015_0030_0062_0062.jpg 1 15 30 62 62
1152_0028_0018_0051_0051.jpg 1 28 18 51 51
1153_0021_0030_0065_0065.jpg 1 21 30 65 65
1154_0015_0049_0027_0027.jpg 1 15 49 27 27
1155_0046_0015_0044_0044.jpg 1 46 15 44 44
1156_0022_0025_0043_0043.jpg 1 22 25 43 43
1157_0013_0014_0058_0058.jpg 1 13 14 58 58
1158_0014_0019_0052_0052.jpg 1 14 19 52 52
1159_0022_0049_0040_0040.jpg 1 22 49 40 40
1160_0006_0025_0065_0065.jpg 1 6 25 65 65
1161_0011_0018_0054_0054.jpg 1 11 18 54 54
1162_0046_0024_0041_0041.jpg 1 46 24 41 41
1163_0011_0028_0061_0061.jpg 1 11 28 61 61
1164_0039_0026_0025_0025.jpg 1 39 26 25 25
1165_0009_0025_0063_0063.jpg 1 9 25 63 63
1166_0012_0034_0054_0054.jpg 1 12 34 54 54
1167_0017_0005_0069_0069.jpg 1 17 5 69 69
1168_0031_0019_0058_0058.jpg 1 31 19 58 58
1169_0057_0030_0033_0033.jpg 1 57 30 33 33
1170_0026_0013_0050_0050.jpg 1 26 13 50 50
1171_0008_0018_0026_0026.jpg 1 8 18 26 26
1172_0027_0024_0053_0053.jpg 1 27 24 53 53
1173_0036_0030_0051_0051.jpg 1 36 30 51 51
1174_0013_0027_0054_0054.jpg 1 13 27 54 54
1175_0020_0012_0065_0065.jpg 1 20 12 65 65
1176_0016_0025_0066_0066.jpg 1 16 25 66 66
1177_0026_0021_0049_0049.jpg 1 26 21 49 49
1178_0017_0031_0056_0056.jpg 1 17 31 56 56
1179_0019_0008_0043_0043.jpg 1 19 8 43 43
1180_0014_0017_0034_0034.jpg 1 14 17 34 34
1181_0046_0035_0032_0032.jpg 1 46 35 32 32
1182_0040_0031_0052_0052.jpg 1 40 31 52 52
1183_0048_0017_0024_0024.jpg 1 48 17 24 24
1184_0035_0037_0049_0049.jpg 1 35 37 49 49
1185_0041_0013_0051_0051.jpg 1 41 13 51 51
1186_0021_0005_0066_0066.jpg 1 21 5 66 66
1187_0009_0026_0068_0068.jpg 1 9 26 68 68
1188_0030_0039_0051_0051.jpg 1 30 39 51 51
1189_0018_0025_0047_0047.jpg 1 18 25 47 47
1190_0011_0006_0040_0040.jpg 1 11 6 40 40
1191_0020_0022_0040_0040.jpg 1 20 22 40 40
1192_0008_0020_0031_0031.jpg 1 8 20 31 31
1193_0019_0035_0048_0048.jpg 1 19 35 48 48
1194_0037_0017_0039_0039.jpg 1 37 17 39 39
1195_0024_0029_0064_0064.jpg 1 24 29 64 64
1196_0029_0037_0039_0039.jpg 1 29 37 39 39
1197_0039_0036_0056_0056.jpg 1 39 36 56 56
1198_0042_0032_0052_0052.jpg 1 42 32 52 52
1199_0059_0015_0027_0027.jpg 1 59 15 27 27
1200_0032_0028_0055_0055.jpg 1 32 28 55 55
1201_0044_0043_0033_0033.jpg 1 44 43 33 33
1202_0004_0005_0068_0068.jpg 1 4 5 68 68
1203_0034_0024_0039_0039.jpg 1 34 24 39 39
1204_0023_0013_0059_0059.jpg 1 23 13 59 59
1205_0036_0029_0046_0046.jpg 1 36 29 46 46
1206_0043_0019_0043_0043.jpg 1 43 19 43 43
1207_0014_0030_0060_0060.jpg 1 14 30 60 60
1208_0025_0045_0027_0027.jpg 1 25 45 27 27
1209_0050_0020_0041_0041.jpg 1 50 20 41 41
1210_0033_0037_0040_0040.jpg 1 33 37 40 40
1211_0034_0051_0030_0030.jpg 1 34 51 30 30
1212_0015_0019_0066_0066.jpg 1 15 19 66 66
1213_0011_0008_0069_0069.jpg 1 11 8 69 69
1214_0042_0016_0043_0043.jpg 1 42 16 43 43
1215_0065_0020_0025_0025.jpg 1 65 20 25 25
1216_0044_0014_0037_0037.jpg 1 44 14 37 37
1217_0028_0015_0028_0028.jpg 1 28 15 28 28
1218_0037_0028_0027_0027.jpg 1 37 28 27 27
1219_0013_0036_0057_0057.jpg 1 13 36 57 57
1220_0024_0010_0040_0040.jpg 1 24 10 40 40
1221_0055_0027_0024_0024.jpg 1 55 27 24 24
1222_0042_0018_0053_0053.jpg 1 42 18 53 53
1223_0007_0030_0060_0060.jpg 1 7 30 60 60
1224_0027_0032_0060_0060.jpg 1 27 32 60 60
1225_0034_0038_0042_0042.jpg 1 34 38 42 42
1226_0039_0044_0047_0047.jpg 1 39 44 47 47
1227_0015_0015_0024_0024.jpg 1 15 15 24 24
1228_0041_0015_0030_0030.jpg 1 41 15 30 30
1229_0030_0009_0032_0032.jpg 1 30 9 32 32
1230_0017_0028_0027_0027.jpg 1 17 28 27 27
1231_0009_0036_0057_0057.jpg 1 9 36 57 57
1232_0013_0037_0053_0053.jpg 1 13 37 53 53
1233_0044_0039_0049_0049.jpg 1 44 39 49 49
1234_0008_0058_0031_0031.jpg 1 8 58 31 31
1235_0009_0004_0062_0062.jpg 1 9 4 62 62
1236_0025_0024_0067_0067.jpg 1 25 24 67 67
1237_0025_0044_0036_0036.jpg 1 25 44 36 36
1238_0021_0031_0063_0063.jpg 1 21 31 63 63
1239_0026_0034_0049_0049.jpg 1 26 34 49 49
1240_0012_0017_0061_0061.jpg 1 12 17 61 61
1241_0024_0003_0067_0067.jpg 1 24 3 67 67
1242_0024_0009_0064_0064.jpg 1 24 9 64 64
1243_0048_0006_0044_0044.jpg 1 48 6 44 44
1244_0023_0026_0037_0037.jpg 1 23 26 37 37
1245_0061_0058_0025_0025.jpg 1 61 58 25 25
1246_0038_0010_0027_0027.jpg 1 38 10 27 27
1247_0057_0028_0034_0034.jpg 1 57 28 34 34
1248_0035_0048_0035_0035.jpg 1 35 48 35 35
1249_0020_0031_0062_0062.jpg 1 20 31 62 62
1250_0007_0011_0065_0065.jpg 1 7 11 65 65
1251_0039_0039_0050_0050.jpg 1 39 39 50 50
1252_0013_0027_0069_0069.jpg 1 13 27 69 69
1253_0007_0021_0062_0062.jpg 1 7 21 62 62
1254_0033_0011_0036_0036.jpg 1 33 11 36 36
1255_0030_0022_0026_0026.jpg 1 30 22 26 26
1256_0026_0006_0039_0039.jpg 1 26 6 39 39
1257_0032_0007_0061_0061.jpg 1 32 7 61 61
1258_0028_0048_0045_0045.jpg 1 28 48 45 45
1259_0015_0029_0052_0052.jpg 1 15 29 52 52
1260_0007_0016_0058_0058.jpg 1 7 16 58 58
1261_0036_0017_0054_0054.jpg 1 36 17 54 54
1262_0015_0016_0054_0054.jpg 1 15 16 54 54
1263_0016_0040_0035_0035.jpg 1 16 40 35 35
1264_0008_0003_0069_0069.jpg 1 8 3 69 69
1265_0031_0017_0030_0030.jpg 1 31 17 30 30
1266_0029_0040_0048_0048.jpg 1 29 40 48 48
1267_0011_0019_0032_0032.jpg 1 11 19 32 32
1268_0020_0026_0025_0025.jpg 1 20 26 25 25
1269_0033_0013_0038_0038.jpg 1 33 13 38 38
1270_0009_0025_0055_0055.jpg 1 9 25 55 55
1271_0018_0034_0057_0057.jpg 1 18 34 57 57
1272_0026_0009_0061_0061.jpg 1 26 9 61 61
1273_0035_0049_0040_0040.jpg 1 35 49 40 40
1274_0012_0042_0027_0027.jpg 1 12 42 27 27
1275_0014_0040_0042_0042.jpg 1 14 40 42 42
1276_0012_0063_0027_0027.jpg 1 12 63 27 27
1277_0025_0009_0051_0051.jpg 1 25 9 51 51
1278_0045_0058_0033_0033.jpg 1 45 58 33 33
1279_0007_0023_0069_0069.jpg 1 7 23 69 69
1280_0013_0016_0052_0052.jpg 1 13 16 52 52
1281_0013_0059_0032_0032.jpg 1 13 59 32 32
1282_0053_0022_0039_0039.jpg 1 53 22 39 39
1283_0038_0019_0049_0049.jpg 1 38 19 49 49
1284_0025_0034_0030_0030.jpg 1 25 34 30 30
1285_0058_0008_0031_0031.jpg 1 58 8 31 31
1286_0014_0018_0038_0038.jpg 1 14 18 38 38
1287_0039_0029_0030_0030.jpg 1 39 29 30 30
1288_0025_0023_0044_0044.jpg 1 25 23 44 44
1289_0019_0035_0060_0060.jpg 1 19 35 60 60
1290_0012_0041_0050_0050.jpg 1 12 41 50 50
1291_0013_0047_0043_0043.jpg 1 13 47 43 43
1292_0024_0026_0067_0067.jpg 1 24 26 67 67
1293_0040_0028_0044_0044.jpg 1 40 28 44 44
1294_0030_0024_0027_0027.jpg 1 30 24 27 27
1295_0013_0040_0045_0045.jpg 1 13 40 45 45
1296_0041_0025_0039_0039.jpg 1 41 25 39 39
1297_0020_0014_0029_0029.jpg 1 20 14 29 29
1298_0044_0029_0037_0037.jpg 1 44 29 37 37
1299_0019_0004_0063_0063.jpg 1 19 4 63 63
1300_0040_0006_0050_0050.jpg 1 40 6 50 50
1301_0026_0026_0035_0035.jpg 1 26 26 35 35
1302_0041_0041_0047_0047.jpg 1 41 41 47 47
1303_0007_0023_0057_0057.jpg 1 7 23 57 57
1304_0020_0022_0064_0064.jpg 1 20 22 64 64
1305_0014_0022_0042_0042.jpg 1 14 22 42 42
1306_0012_0010_0063_0063.jpg 1 12 10 63 63
1307_0031_0017_0031_0031.jpg 1 31 17 31 31
1308_0028_0021_0061_0061.jpg 1 28 21 61 61
1309_0023_0039_0030_0030.jpg 1 23 39 30 30
1310_0055_0033_0037_0037.jpg 1 55 33 37 37
1311_0046_0058_0027_0027.jpg 1 46 58 27 27
1312_0016_0047_0046_0046.jpg 1 16 47 46 46
1313_0014_0040_0043_0043.jpg 1 14 40 43 43
1314_0034_0013_0038_0038.jpg 1 34 13 38 38
1315_0022_0029_0035_0035.jpg 1 22 29 35 35
1316_0016_0020_0030_0030.jpg 1 16 20 30 30
1317_0012_0013_0026_0026.jpg 1 12 13 26 26
1318_0041_0028_0049_0049.jpg 1 41 28 49 49
1319_0006_0012_0039_0039.jpg 1 6 12 39 39
1320_0046_0025_0029_0029.jpg 1 46 25 29 29
1321_0046_0041_0028_0028.jpg 1 46 41 28 28
1322_0022_0004_0065_0065.jpg 1 22 4 65 65
1323_0050_0033_0039_0039.jpg 1 50 33 39 39
1324_0036_0020_0033_0033.jpg 1 36 20 33 33
1325_0009_0021_0068_0068.jpg 1 9 21 68 68
1326_0016_0012_0038_0038.jpg 1 16 12 38 38
1327_0014_0029_0058_0058.jpg 1 14 29 58 58
1328_0037_0038_0031_0031.jpg 1 37 38 31 31
1329_0009_0031_0058_0058.jpg 1 9 31 58 58
1330_0025_0027_0049_0049.jpg 1 25 27 49 49
1331_0004_0026_0066_0066.jpg 1 4 26 66 66
1332_0040_0053_0025_0025.jpg 1 40 53 25 25
1333_0007_0030_0056_0056.jpg 1 7 30 56 56
1334_0037_0051_0041_0041.jpg 1 37 51 41 41
1335_0025_0028_0066_0066.jpg 1 25 28 66 66
1336_0039_0040_0054_0054.jpg 1 39 40 54 54
1337_0039_0067_0024_0024.jpg 1 39 67 24 24
1338_0004_0024_0068_0068.jpg 1 4 24 68 68
1339_0023_0015_0033_0033.jpg 1 23 15 33 33
1340_0019_0031_0064_0064.jpg 1 19 31 64 64
1341_0020_0020_0068_0068.jpg 1 20 20 68 68
1342_0046_0011_0038_0038.jpg 1 46 11 38 38
1343_0010_0039_0048_0048.jpg 1 10 39 48 48
1344_0029_0039_0054_0054.jpg 1 29 39 54 54
1345_0051_0047_0039_0039.jpg 1 51 47 39 39
1346_0034_0032_0057_0057.jpg 1 34 32 57 57
1347_0022_0040_0049_0049.jpg 1 22 40 49 49
1348_0026_0036_0053_0053.jpg 1 26 36 53 53
1349_0009_0028_0051_0051.jpg 1 9 28 51 51
1350_0009_0008_0065_0065.jpg 1 9 8 65 65
1351_0014_0015_0059_0059.jpg 1 14 15 59 59
1352_0036_0038_0052_0052.jpg 1 36 38 52 52
1353_0058_0047_0032_0032.jpg 1 58 47 32 32
1354_0015_0011_0059_0059.jpg 1 15 11 59 59
1355_0023_0013_0051_0051.jpg 1 23 13 51 51
1356_0015_0049_0042_0042.jpg 1 15 49 42 42
1357_0046_0022_0045_0045.jpg 1 46 22 45 45
1358_0022_0024_0059_0059.jpg 1 22 24 59 59
1359_0022_0033_0041_0041.jpg 1 22 33 41 41
1360_0017_0037_0058_0058.jpg 1 17 37 58 58
1361_0009_0053_0026_0026.jpg 1 9 53 26 26
1362_0025_0011_0068_0068.jpg 1 25 11 68 68
1363_0042_0054_0039_0039.jpg 1 42 54 39 39
1364_0009_0023_0068_0068.jpg 1 9 23 68 68
1365_0025_0011_0047_0047.jpg 1 25 11 47 47
1366_0024_0038_0035_0035.jpg 1 24 38 35 35
1367_0057_0055_0030_0030.jpg 1 57 55 30 30
1368_0014_0015_0068_0068.jpg 1 14 15 68 68
1369_0013_0028_0058_0058.jpg 1 13 28 58 58
1370_0038_0045_0041_0041.jpg 1 38 45 41 41
1371_0048_0027_0028_0028.jpg 1 48 27 28 28
1372_0042_0015_0041_0041.jpg 1 42 15 41 41
1373_0017_0010_0066_0066.jpg 1 17 10 66 66
1374_0032_0038_0027_0027.jpg 1 32 38 27 27
1375_0030_0015_0061_0061.jpg 1 30 15 61 61
1376_0013_0028_0046_0046.jpg 1 13 28 46 46
1377_0035_0027_0028_0028.jpg 1 35 27 28 28
1378_0018_0035_0048_0048.jpg 1 18 35 48 48
1379_0021_0023_0044_0044.jpg 1 21 23 44 44
1380_0048_0030_0032_0032.jpg 1 48 30 32 32
1381_0013_0031_0024_0024.jpg 1 13 31 24 24
1382_0061_0056_0025_0025.jpg 1 61 56 25 25
1383_0053_0034_0031_0031.jpg 1 53 34 31 31
1384_0033_0032_0046_0046.jpg 1 33 32 46 46
1385_0031_0008_0061_0061.jpg 1 31 8 61 61
1386_0056_0034_0030_0030.jpg 1 56 34 30 30
1387_0037_0037_0025_0025.jpg 1 37 37 25 25
1388_0041_0029_0054_0054.jpg 1 41 29 54 54
1389_0025_0037_0043_0043.jpg 1 25 37 43 43
1390_0021_0038_0054_0054.jpg 1 21 38 54 54
1391_0023_0012_0064_0064.jpg 1 23 12 64 64
1392_0003_0009_0069_0069.jpg 1 3 9 69 69
1393_0036_0010_0045_0045.jpg 1 36 10 45 45
1394_0010_0031_0050_0050.jpg 1 10 31 50 50
1395_0017_0026_0065_0065.jpg 1 17 26 65 65
1396_0023_0042_0040_0040.jpg 1 23 42 40 40
1397_0039_0036_0027_0027.jpg 1 39 36 27 27
1398_0037_0046_0030_0030.jpg 1 37 46 30 30
1399_0015_0024_0069_0069.jpg 1 15 24 69 69
1400_0020_0024_0048_0048.jpg 1 20 24 48 48
1401_0038_0009_0039_0039.jpg 1 38 9 39 39
1402_0031_0028_0054_0054.jpg 1 31 28 54 54
1403_0025_0014_0069_0069.jpg 1 25 14 69 69
1404_0037_0043_0044_0044.jpg 1 37 43 44 44
1405_0025_0018_0051_0051.jpg 1 25 18 51 51
1406_0008_0038_0039_0039.jpg 1 8 38 39 39
1407_0020_0016_0052_0052.jpg 1 20 16 52 52
1408_0037_0045_0028_0028.jpg 1 37 45 28 28
1409_0019_0024_0045_0045.jpg 1 19 24 45 45
1410_0023_0023_0049_0049.jpg 1 23 23 49 49
1411_0027_0039_0042_0042.jpg 1 27 39 42 42
1412_0014_0018_0059_0059.jpg 1 14 18 59 59
1413_0035_0034_0032_0032.jpg 1 35 34 32 32
1414_0030_0005_0061_0061.jpg 1 30 5 61 61
1415_0019_0016_0037_0037.jpg 1 19 16 37 37
1416_0021_0006_0058_0058.jpg 1 21 6 58 58
1417_0038_0010_0051_0051.jpg 1 38 10 51 51
1418_0015_0035_0059_0059.jpg 1 15 35 59 59
1419_0049_0027_0044_0044.jpg 1 49 27 44 44
1420_0064_0043_0024_0024.jpg 1 64 43 24 24
1421_0017_0041_0047_0047.jpg 1 17 41 47 47
1422_0026_0019_0058_0058.jpg 1 26 19 58 58
1423_0019_0018_0033_0033.jpg 1 19 18 33 33
1424_0046_0032_0034_0034.jpg 1 46 32 34 34
1425_0049_0046_0026_0026.jpg 1 49 46 26 26
1426_0012_0022_0035_0035.jpg 1 12 22 35 35
1427_0054_0038_0030_0030.jpg 1 54 38 30 30
1428_0038_0026_0056_0056.jpg 1 38 26 56 56
1429_0028_0020_0057_0057.jpg 1 28 20 57 57
1430_0021_0053_0030_0030.jpg 1 21 53 30 30
1431_0026_0026_0045_0045.jpg 1 26 26 45 45
1432_0032_0010_0042_0042.jpg 1 32 10 42 42
1433_0013_0029_0051_0051.jpg 1 13 29 51 51
1434_0025_0042_0037_0037.jpg 1 25 42 37 37
1435_0022_0020_0051_0051.jpg 1 22 20 51 51
1436_0035_0035_0033_0033.jpg 1 35 35 33 33
1437_0045_0012_0031_0031.jpg 1 45 12 31 31
1438_0009_0010_0040_0040.jpg 1 9 10 40 40
1439_0031_0053_0029_0029.jpg 1 31 53 29 29
1440_0019_0043_0050_0050.jpg 1 19 43 50 50
1441_0058_0009_0035_0035.jpg 1 58 9 35 35
1442_0047_0047_0025_0025.jpg 1 47 47 25 25
1443_0041_0015_0038_0038.jpg 1 41 15 38 38
1444_0020_0045_0030_0030.jpg 1 20 45 30 30
1445_0030_0007_0054_0054.jpg 1 30 7 54 54
1446_0034_0014_0042_0042.jpg 1 34 14 42 42
1447_0028_0011_0027_0027.jpg 1 28 11 27 27
1448_0006_0023_0069_0069.jpg 1 6 23 69 69
1449_0018_0029_0036_0036.jpg 1 18 29 36 36
1450_0008_0035_0051_0051.jpg 1 8 35 51 51
1451_0020_0013_0068_0068.jpg 1 20 13 68 68
1452_0013_0042_0038_0038.jpg 1 13 42 38 38
1453_0017_0019_0030_0030.jpg 1 17 19 30 30
1454_0043_0030_0031_0031.jpg 1 43 30 31 31
1455_0040_0013_0045_0045.jpg 1 40 13 45 45
1456_0020_0010_0054_0054.jpg 1 20 10 54 54
1457_0010_0057_0035_0035.jpg 1 10 57 35 35
1458_0007_0036_0046_0046.jpg 1 7 36 46 46
1459_0028_0035_0030_0030.jpg 1 28 35 30 30
1460_0046_0038_0037_0037.jpg 1 46 38 37 37
1461_0016_0014_0069_0069.jpg 1 16 14 69 69
1462_0062_0049_0029_0029.jpg 1 62 49 29 29
1463_0052_0023_0034_0034.jpg 1 52 23 34 34
1464_0015_0008_0029_0029.jpg 1 15 8 29 29
1465_0048_0028_0046_0046.jpg 1 48 28 46 46
1466_0012_0025_0059_0059.jpg 1 12 25 59 59
1467_0024_0012_0064_0064.jpg 1 24 12 64 64
1468_0043_0015_0032_0032.jpg 1 43 15 32 32
1469_0032_0032_0053_0053.jpg 1 32 32 53 53
1470_0043_0018_0046_0046.jpg 1 43 18 46 46
1471_0024_0012_0038_0038.jpg 1 24 12 38 38
1472_0041_0016_0041_0041.jpg 1 41 16 41 41
1473_0033_0032_0029_0029.jpg 1 33 32 29 29
1474_0027_0043_0050_0050.jpg 1 27 43 50 50
1475_0055_0027_0031_0031.jpg 1 55 27 31 31
1476_0043_0010_0035_0035.jpg 1 43 10 35 35
1477_0015_0004_0067_0067.jpg 1 15 4 67 67
1478_0042_0037_0049_0049.jpg 1 42 37 49 49
1479_0036_0017_0038_0038.jpg 1 36 17 38 38
1480_0038_0009_0049_0049.jpg 1 38 9 49 49
1481_0024_0049_0041_0041.jpg 1 24 49 41 41
1482_0049_0045_0043_0043.jpg 1 49 45 43 43
1483_0024_0008_0034_0034.jpg 1 24 8 34 34
1484_0056_0033_0037_0037.jpg 1 56 33 37 37
1485_0041_0006_0051_0051.jpg 1 41 6 51 51
1486_0055_0017_0034_0034.jpg 1 55 17 34 34
1487_0005_0034_0058_0058.jpg 1 5 34 58 58
1488_0059_0018_0028_0028.jpg 1 59 18 28 28
1489_0043_0029_0041_0041.jpg 1 43 29 41 41
1490_0024_0027_0056_0056.jpg 1 24 27 56 56
1491_0067_0057_0025_0025.jpg 1 67 57 25 25
1492_0022_0049_0025_0025.jpg 1 22 49 25 25
1493_0023_0035_0045_0045.jpg 1 23 35 45 45
1494_0007_0011_0058_0058.jpg 1 7 11 58 58
1495_0035_0040_0050_0050.jpg 1 35 40 50 50
1496_0009_0006_0063_0063.jpg 1 9 6 63 63
1497_0029_0013_0029_0029.jpg 1 29 13 29 29
1498_0005_0019_0053_0053.jpg 1 5 19 53 53
1499_0013_0042_0034_0034.jpg 1 13 42 34 34
1500_0021_0026_0032_0032.jpg 1 21 26 32 32
1501_0018_0057_0032_0032.jpg 1 18 57 32 32
1502_0042_0037_0033_0033.jpg 1 42 37 33 33
1503_0019_0032_0046_0046.jpg 1 19 32 46 46
1504_0045_0034_0025_0025.jpg 1 45 34 25 25
1505_0050_0022_0028_0028.jpg 1 50 22 28 28
1506_0030_0031_0061_0061.jpg 1 30 31 61 61
1507_0020_0030_0045_0045.jpg 1 20 30 45 45
1508_0035_0036_0054_0054.jpg 1 35 36 54 54
1509_0007_0035_0054_0054.jpg 1 7 35 54 54
1510_0017_0034_0046_0046.jpg 1 17 34 46 46
1511_0023_0008_0050_0050.jpg 1 23 8 50 50
1512_0031_0016_0057_0057.jpg 1 31 16 57 57
1513_0024_0032_0056_0056.jpg 1 24 32 56 56
1514_0008_0039_0055_0055.jpg 1 8 39 55 55
1515_0005_0013_0068_0068.jpg 1 5 13 68 68
1516_0009_0034_0043_0043.jpg 1 9 34 43 43
1517_0019_0024_0042_0042.jpg 1 19 24 42 42
1518_0024_0011_0064_0064.jpg 1 24 11 64 64
1519_0049_0029_0035_0035.jpg 1 49 29 35 35
1520_0047_0026_0044_0044.jpg 1 47 26 44 44
1521_0046_0031_0048_0048.jpg 1 46 31 48 48
1522_0036_0030_0053_0053.jpg 1 36 30 53 53
1523_0008_0012_0057_0057.jpg 1 8 12 57 57
1524_0019_0023_0052_0052.jpg 1 19 23 52 52
1525_0030_0006_0062_0062.jpg 1 30 6 62 62
1526_0025_0024_0060_0060.jpg 1 25 24 60 60
1527_0005_0011_0061_0061.jpg 1 5 11 61 61
1528_0023_0027_0062_0062.jpg 1 23 27 62 62
1529_0007_0021_0031_0031.jpg 1 7 21 31 31
1530_0042_0021_0038_0038.jpg 1 42 21 38 38
1531_0019_0013_0061_0061.jpg 1 19 13 61 61
1532_0031_0011_0042_0042.jpg 1 31 11 42 42
1533_0050_0032_0037_0037.jpg 1 50 32 37 37
1534_0019_0004_0061_0061.jpg 1 19 4 61 61
1535_0044_0016_0046_0046.jpg 1 44 16 46 46
1536_0031_0030_0048_0048.jpg 1 31 30 48 48
1537_0003_0003_0068_0068.jpg 1 3 3 68 68
1538_0013_0028_0058_0058.jpg 1 13 28 58 58
1539_0056_0053_0032_0032.jpg 1 56 53 32 32
1540_0012_0030_0044_0044.jpg 1 12 30 44 44
1541_0023_0022_0026_0026.jpg 1 23 22 26 26
1542_0005_0025_0049_0049.jpg 1 5 25 49 49
1543_0018_0011_0061_0061.jpg 1 18 11 61 61
1544_0005_0034_0049_0049.jpg 1 5 34 49 49
1545_0013_0051_0042_0042.jpg 1 13 51 42 42
1546_0033_0029_0044_0044.jpg 1 33 29 44 44
1547_0014_0027_0055_0055.jpg 1 14 27 55 55
1548_0013_0027_0062_0062.jpg 1 13 27 62 62
1549_0056_0012_0025_0025.jpg 1 56 12 25 25
1550_0031_0040_0037_0037.jpg 1 31 40 37 37
1551_0006_0017_0068_0068.jpg 1 6 17 68 68
1552_0028_0038_0051_0051.jpg 1 28 38 51 51
1553_0009_0012_0053_0053.jpg 1 9 12 53 53
1554_0054_0035_0033_0033.jpg 1 54 35 33 33
1555_0020_0027_0063_0063.jpg 1 20 27 63 63
1556_0054_0022_0039_0039.jpg 1 54 22 39 39
1557_0029_0040_0052_0052.jpg 1 29 40 52 52
1558_0013_0049_0035_0035.jpg 1 13 49 35 35
1559_0037_0024_0029_0029.jpg 1 37 24 29 29
1560_0028_0019_0068_0068.jpg 1 28 19 68 68
1561_0039_0028_0034_0034.jpg 1 39 28 34 34
1562_0010_0034_0036_0036.jpg 1 10 34 36 36
1563_0016_0017_0057_0057.jpg 1 16 17 57 57
1564_0013_0024_0050_0050.jpg 1 13 24 50 50
1565_0022_0041_0044_0044.jpg 1 22 41 44 44
1566_0007_0024_0067_0067.jpg 1 7 24 67 67
1567_0041_0043_0040_0040.jpg 1 41 43 40 40
1568_0017_0007_0055_0055.jpg 1 17 7 55 55
1569_0015_0027_0055_0055.jpg 1 15 27 55 55
1570_0036_0021_0058_0058.jpg 1 36 21 58 58
1571_0029_0066_0026_0026.jpg 1 29 66 26 26
1572_0011_0039_0055_0055.jpg 1 11 39 55 55
1573_0028_0017_0068_0068.jpg 1 28 17 68 68
1574_0014_0020_0056_0056.jpg 1 14 20 56 56
1575_0041_0005_0053_0053.jpg 1 41 5 53 53
1576_0011_0024_0029_0029.jpg 1 11 24 29 29
1577_0035_0021_0046_0046.jpg 1 35 21 46 46
1578_0016_0011_0043_0043.jpg 1 16 11 43 43
1579_0058_0060_0030_0030.jpg 1 58 60 30 30
1580_0013_0029_0049_0049.jpg 1 13 29 49 49
1581_0044_0033_0033_0033.jpg 1 44 33 33 33
1582_0015_0030_0039_0039.jpg 1 15 30 39 39
1583_0035_0024_0037_0037.jpg 1 35 24 37 37
1584_0012_0013_0051_0051.jpg 1 12 13 51 51
1585_0025_0007_0039_0039.jpg 1 25 7 39 39
1586_0006_0018_0066_0066.jpg 1 6 18 66 66
1587_0039_0033_0029_0029.jpg 1 39 33 29 29
1588_0016_0004_0068_0068.jpg 1 16 4 68 68
1589_0016_0032_0052_0052.jpg 1 16 32 52 52
1590_0047_0009_0044_0044.jpg 1 47 9 44 44
1591_0046_0039_0029_0029.jpg 1 46 39 29 29
1592_0012_0017_0069_0069.jpg 1 12 17 69 69
1593_0017_0012_0069_0069.jpg 1 17 12 69 69
1594_0033_0010_0050_0050.jpg 1 33 10 50 50
1595_0021_0039_0033_0033.jpg 1 21 39 33 33
1596_0016_0042_0029_0029.jpg 1 16 42 29 29
1597_0019_0030_0049_0049.jpg 1 19 30 49 49
1598_0030_0032_0062_0062.jpg 1 30 32 62 62
1599_0020_0028_0060_0060.jpg 1 20 28 60 60
1600_0064_0047_0028_0028.jpg 1 64 47 28 28
1601_0033_0010_0044_0044.jpg 1 33 10 44 44
1602_0029_0035_0027_0027.jpg 1 29 35 27 27
1603_0052_0008_0025_0025.jpg 1 52 8 25 25
1604_0035_0011_0043_0043.jpg 1 35 11 43 43
1605_0059_0039_0033_0033.jpg 1 59 39 33 33
1606_0016_0038_0041_0041.jpg 1 16 38 41 41
1607_0032_0015_0054_0054.jpg 1 32 15 54 54
1608_0018_0013_0068_0068.jpg 1 18 13 68 68
1609_0005_0011_0057_0057.jpg 1 5 11 57 57
1610_0012_0009_0051_0051.jpg 1 12 9 51 51
1611_0031_0010_0060_0060.jpg 1 31 10 60 60
1612_0033_0060_0026_0026.jpg 1 33 60 26 26
1613_0016_0028_0049_0049.jpg 1 16 28 49 49
1614_0033_0014_0037_0037.jpg 1 33 14 37 37
1615_0024_0044_0046_0046.jpg 1 24 44 46 46
1616_0009_0021_0067_0067.jpg 1 9 21 67 67
1617_0037_0065_0024_0024.jpg 1 37 65 24 24
1618_0014_0035_0030_0030.jpg 1 14 35 30 30
1619_0056_0049_0027_0027.jpg 1 56 49 27 27
1620_0028_0020_0031_0031.jpg 1 28 20 31 31
1621_0054_0055_0029_0029.jpg 1 54 55 29 29
1622_0020_0027_0052_0052.jpg 1 20 27 52 52
1623_0030_0011_0055_0055.jpg 1 30 11 55 55
1624_0013_0023_0067_0067.jpg 1 13 23 67 67
1625_0039_0014_0048_0048.jpg 1 39 14 48 48
1626_0012_0020_0069_0069.jpg 1 12 20 69 69
1627_0007_0016_0052_0052.jpg 1 7 16 52 52
1628_0041_0054_0027_0027.jpg 1 41 54 27 27
1629_0024_0010_0069_0069.jpg 1 24 10 69 69
1630_0028_0023_0040_0040.jpg 1 28 23 40 40
1631_0023_0021_0062_0062.jpg 1 23 21 62 62
1632_0007_0036_0042_0042.jpg 1 7 36 42 42
1633_0011_0015_0057_0057.jpg 1 11 15 57 57
1634_0037_0028_0049_0049.jpg 1 37 28 49 49
1635_0005_0027_0058_0058.jpg 1 5 27 58 58
1636_0046_0013_0040_0040.jpg 1 46 13 40 40
1637_0022_0006_0066_0066.jpg 1 22 6 66 66
1638_0022_0021_0065_0065.jpg 1 22 21 65 65
1639_0016_0051_0032_0032.jpg 1 16 51 32 32
1640_0033_0052_0040_0040.jpg 1 33 52 40 40
1641_0019_0009_0035_0035.jpg 1 19 9 35 35
1642_0034_0033_0041_0041.jpg 1 34 33 41 41
1643_0052_0042_0034_0034.jpg 1 52 42 34 34
1644_0051_0007_0033_0033.jpg 1 51 7 33 33
1645_0038_0010_0032_0032.jpg 1 38 10 32 32
1646_0044_0021_0028_0028.jpg 1 44 21 28 28
1647_0020_0038_0056_0056.jpg 1 20 38 56 56
1648_0035_0017_0055_0055.jpg 1 35 17 55 55
1649_0025_0040_0052_0052.jpg 1 25 40 52 52
1650_0010_0012_0045_0045.jpg 1 10 12 45 45
1651_0045_0030_0029_0029.jpg 1 45 30 29 29
1652_0008_0017_0059_0059.jpg 1 8 17 59 59
1653_0028_0030_0045_0045.jpg 1 28 30 45 45
1654_0033_0034_0061_0061.jpg 1 33 34 61 61
1655_0019_0043_0041_0041.jpg 1 19 43 41 41
1656_0011_0013_0034_0034.jpg 1 11 13 34 34
1657_0018_0038_0056_0056.jpg 1 18 38 56 56
1658_0041_0028_0037_0037.jpg 1 41 28 37 37
1659_0028_0007_0033_0033.jpg 1 28 7 33 33
1660_0021_0013_0038_0038.jpg 1 21 13 38 38
1661_0010_0015_0055_0055.jpg 1 10 15 55 55
1662_0030_0008_0027_0027.jpg 1 30 8 27 27
1663_0051_0046_0033_0033.jpg 1 51 46 33 33
1664_0057_0028_0030_0030.jpg 1 57 28 30 30
1665_0050_0053_0030_0030.jpg 1 50 53 30 30
1666_0043_0063_0028_0028.jpg 1 43 63 28 28
1667_0036_0027_0054_0054.jpg 1 36 27 54 54
1668_0015_0016_0067_0067.jpg 1 15 16 67 67
1669_0006_0009_0066_0066.jpg 1 6 9 66 66
1670_0016_0019_0035_0035.jpg 1 16 19 35 35
1671_0046_0033_0042_0042.jpg 1 46 33 42 42
1672_0009_0043_0034_0034.jpg 1 9 43 34 34
1673_0034_0033_0056_0056.jpg 1 34 33 56 56
1674_0005_0012_0048_0048.jpg 1 5 12 48 48
1675_0013_0020_0044_0044.jpg 1 13 20 44 44
1676_0010_0022_0048_0048.jpg 1 10 22 48 48
1677_0023_0027_0044_0044.jpg 1 23 27 44 44
1678_0050_0006_0042_0042.jpg 1 50 6 42 42
1679_0060_0044_0028_0028.jpg 1 60 44 28 28
1680_0024_0033_0046_0046.jpg 1 24 33 46 46
1681_0005_0024_0060_0060.jpg 1 5 24 60 60
1682_0011_0024_0062_0062.jpg 1 11 24 62 62
1683_0041_0033_0049_0049.jpg 1 41 33 49 49
1684_0010_0026_0033_0033.jpg 1 10 26 33 33
1685_0016_0039_0043_0043.jpg 1 16 39 43 43
1686_0028_0016_0026_0026.jpg 1 28 16 26 26
1687_0029_0015_0053_0053.jpg 1 29 15 53 53
1688_0029_0021_0048_0048.jpg 1 29 21 48 48
1689_0026_0049_0033_0033.jpg 1 26 49 33 33
1690_0039_0006_0041_0041.jpg 1 39 6 41 41
1691_0045_0059_0032_0032.jpg 1 45 59 32 32
1692_0019_0025_0040_0040.jpg 1 19 25 40 40
1693_0014_0023_0049_0049.jpg 1 14 23 49 49
1694_0005_0013_0059_0059.jpg 1 5 13 59 59
1695_0032_0010_0059_0059.jpg 1 32 10 59 59
1696_0006_0023_0060_0060.jpg 1 6 23 60 60
1697_0008_0019_0064_0064.jpg 1 8 19 64 64
1698_0048_0038_0039_0039.jpg 1 48 38 39 39
1699_0054_0050_0027_0027.jpg 1 54 50 27 27
1700_0057_0032_0031_0031.jpg 1 57 32 31 31
1701_0029_0011_0063_0063.jpg 1 29 11 63 63
1702_0019_0027_0062_0062.jpg 1 19 27 62 62
1703_0020_0029_0039_0039.jpg 1 20 29 39 39
1704_0021_0005_0059_0059.jpg 1 21 5 59 59
1705_0015_0020_0068_0068.jpg 1 15 20 68 68
1706_0043_0030_0034_0034.jpg 1 43 30 34 34
1707_0020_0022_0058_0058.jpg 1 20 22 58 58
1708_0018_0034_0059_0059.jpg 1 18 34 59 59
1709_0023_0016_0054_0054.jpg 1 23 16 54 54
1710_0033_0020_0057_0057.jpg 1 33 20 57 57
1711_0013_0024_0052_0052.jpg 1 13 24 52 52
1712_0013_0051_0038_0038.jpg 1 13 51 38 38
1713_0010_0036_0057_0057.jpg 1 10 36 57 57
1714_0039_0019_0035_0035.jpg 1 39 19 35 35
1715_0026_0007_0046_0046.jpg 1 26 7 46 46
1716_0011_0024_0063_0063.jpg 1 11 24 63 63
1717_0032_0005_0062_0062.jpg 1 32 5 62 62
1718_0052_0016_0029_0029.jpg 1 52 16 29 29
1719_0010_0023_0063_0063.jpg 1 10 23 63 63
1720_0014_0017_0024_0024.jpg 1 14 17 24 24
1721_0029_0048_0024_0024.jpg 1 29 48 24 24
1722_0016_0019_0062_0062.jpg 1 16 19 62 62
1723_0017_0013_0068_0068.jpg 1 17 13 68 68
1724_0032_0032_0055_0055.jpg 1 32 32 55 55
1725_0026_0017_0058_0058.jpg 1 26 17 58 58
1726_0005_0023_0052_0052.jpg 1 5 23 52 52
1727_0013_0043_0037_0037.jpg 1 13 43 37 37
1728_0026_0005_0059_0059.jpg 1 26 5 59 59
1729_0007_0041_0049_0049.jpg 1 7 41 49 49
1730_0015_0006_0063_0063.jpg 1 15 6 63 63
1731_0004_0014_0062_0062.jpg 1 4 14 62 62
1732_0039_0039_0032_0032.jpg 1 39 39 32 32
1733_0018_0053_0028_0028.jpg 1 18 53 28 28
1734_0041_0014_0046_0046.jpg 1 41 14 46 46
1735_0039_0006_0051_0051.jpg 1 39 6 51 51
1736_0024_0007_0066_0066.jpg 1 24 7 66 66
1737_0026_0033_0034_0034.jpg 1 26 33 34 34
1738_0042_0048_0031_0031.jpg 1 42 48 31 31
1739_0024_0004_0067_0067.jpg 1 24 4 67 67
1740_0016_0019_0055_0055.jpg 1 16 19 55 55
1741_0054_0038_0037_0037.jpg 1 54 38 37 37
1742_0035_0040_0049_0049.jpg 1 35 40 49 49
1743_0030_0037_0046_0046.jpg 1 30 37 46 46
1744_0031_0050_0024_0024.jpg 1 31 50 24 24
1745_0041_0039_0024_0024.jpg 1 41 39 24 24
1746_0035_0021_0059_0059.jpg 1 35 21 59 59
1747_0057_0053_0036_0036.jpg 1 57 53 36 36
1748_0031_0030_0045_0045.jpg 1 31 30 45 45
1749_0009_0044_0050_0050.jpg 1 9 44 50 50
1750_0017_0030_0061_0061.jpg 1 17 30 61 61
1751_0031_0031_0052_0052.jpg 1 31 31 52 52
1752_0014_0007_0057_0057.jpg 1 14 7 57 57
1753_0008_0006_0043_0043.jpg 1 8 6 43 43
1754_0029_0026_0061_0061.jpg 1 29 26 61 61
1755_0029_0012_0025_0025.jpg 1 29 12 25 25
1756_0037_0042_0048_0048.jpg 1 37 42 48 48
1757_0038_0021_0048_0048.jpg 1 38 21 48 48
1758_0050_0054_0028_0028.jpg 1 50 54 28 28
1759_0027_0037_0056_0056.jpg 1 27 37 56 56
1760_0010_0007_0052_0052.jpg 1 10 7 52 52
1761_0013_0016_0048_0048.jpg 1 13 16 48 48
1762_0016_0012_0057_0057.jpg 1 16 12 57 57
1763_0017_0011_0051_0051.jpg 1 17 11 51 51
1764_0028_0050_0025_0025.jpg 1 28 50 25 25
1765_0008_0047_0035_0035.jpg 1 8 47 35 35
1766_0014_0016_0054_0054.jpg 1 14 16 54 54
1767_0028_0045_0041_0041.jpg 1 28 45 41 41
1768_0015_0024_0047_0047.jpg 1 15 24 47 47
1769_0028_0055_0027_0027.jpg 1 28 55 27 27
1770_0015_0027_0068_0068.jpg 1 15 27 68 68
1771_0036_0031_0056_0056.jpg 1 36 31 56 56
1772_0028_0055_0034_0034.jpg 1 28 55 34 34
1773_0033_0033_0039_0039.jpg 1 33 33 39 39
1774_0024_0021_0055_0055.jpg 1 24 21 55 55
1775_0040_0037_0045_0045.jpg 1 40 37 45 45
1776_0042_0043_0041_0041.jpg 1 42 43 41 41
1777_0055_0028_0035_0035.jpg 1 55 28 35 35
1778_0021_0027_0068_0068.jpg 1 21 27 68 68
1779_0017_0027_0069_0069.jpg 1 17 27 69 69
1780_0058_0054_0029_0029.jpg 1 58 54 29 29
1781_0028_0008_0060_0060.jpg 1 28 8 60 60
1782_0031_0020_0057_0057.jpg 1 31 20 57 57
1783_0056_0048_0026_0026.jpg 1 56 48 26 26
1784_0039_0051_0027_0027.jpg 1 39 51 27 27
1785_0013_0022_0049_0049.jpg 1 13 22 49 49
1786_0012_0017_0039_0039.jpg 1 12 17 39 39
1787_0032_0028_0057_0057.jpg 1 32 28 57 57
1788_0003_0026_0065_0065.jpg 1 3 26 65 65
1789_0039_0040_0041_0041.jpg 1 39 40 41 41
1790_0052_0028_0027_0027.jpg 1 52 28 27 27
1791_0016_0035_0049_0049.jpg 1 16 35 49 49
1792_0054_0046_0039_0039.jpg 1 54 46 39 39
1793_0014_0036_0050_0050.jpg 1 14 36 50 50
1794_0036_0026_0059_0059.jpg 1 36 26 59 59
1795_0020_0017_0025_0025.jpg 1 20 17 25 25
1796_0016_0008_0061_0061.jpg 1 16 8 61 61
1797_0011_0042_0043_0043.jpg 1 11 42 43 43
1798_0054_0026_0035_0035.jpg 1 54 26 35 35
1799_0045_0049_0031_0031.jpg 1 45 49 31 31
1800_0024_0032_0047_0047.jpg 1 24 32 47 47
1801_0013_0024_0060_0060.jpg 1 13 24 60 60
1802_0029_0014_0062_0062.jpg 1 29 14 62 62
1803_0037_0016_0041_0041.jpg 1 37 16 41 41
1804_0027_0046_0028_0028.jpg 1 27 46 28 28
1805_0010_0021_0033_0033.jpg 1 10 21 33 33
1806_0012_0023_0059_0059.jpg 1 12 23 59 59
1807_0053_0020_0027_0027.jpg 1 53 20 27 27
1808_0039_0015_0044_0044.jpg 1 39 15 44 44
1809_0026_0046_0034_0034.jpg 1 26 46 34 34
1810_0042_0023_0044_0044.jpg 1 42 23 44 44
1811_0027_0034_0038_0038.jpg 1 27 34 38 38
1812_0028_0032_0037_0037.jpg 1 28 32 37 37
1813_0039_0013_0037_0037.jpg 1 39 13 37 37
1814_0016_0029_0061_0061.jpg 1 16 29 61 61
1815_0045_0038_0026_0026.jpg 1 45 38 26 26
1816_0036_0042_0035_0035.jpg 1 36 42 35 35
1817_0036_0028_0056_0056.jpg 1 36 28 56 56
1818_0005_0036_0056_0056.jpg 1 5 36 56 56
1819_0033_0019_0058_0058.jpg 1 33 19 58 58
1820_0009_0026_0064_0064.jpg 1 9 26 64 64
1821_0026_0035_0041_0041.jpg 1 26 35 41 41
1822_0026_0008_0053_0053.jpg 1 26 8 53 53
1823_0009_0021_0053_0053.jpg 1 9 21 53 53
1824_0007_0024_0066_0066.jpg 1 7 24 66 66
1825_0015_0043_0041_0041.jpg 1 15 43 41 41
1826_0040_0049_0032_0032.jpg 1 40 49 32 32
1827_0007_0027_0028_0028.jpg 1 7 27 28 28
1828_0042_0034_0033_0033.jpg 1 42 34 33 33
1829_0007_0031_0047_0047.jpg 1 7 31 47 47
1830_0027_0036_0058_0058.jpg 1 27 36 58 58
1831_0035_0008_0037_0037.jpg 1 35 8 37 37
1832_0022_0026_0029_0029.jpg 1 22 26 29 29
1833_0054_0048_0024_0024.jpg 1 54 48 24 24
1834_0057_0015_0028_0028.jpg 1 57 15 28 28
1835_0048_0036_0044_0044.jpg 1 48 36 44 44
1836_0006_0014_0045_0045.jpg 1 6 14 45 45
1837_0009_0021_0064_0064.jpg 1 9 21 64 64
1838_0025_0007_0069_0069.jpg 1 25 7 69 69
1839_0015_0043_0044_0044.jpg 1 15 43 44 44
1840_0005_0026_0056_0056.jpg 1 5 26 56 56
1841_0038_0050_0024_0024.jpg 1 38 50 24 24
1842_0054_0012_0033_0033.jpg 1 54 12 33 33
1843_0030_0015_0065_0065.jpg 1 30 15 65 65
1844_0007_0004_0068_0068.jpg 1 7 4 68 68
1845_0020_0038_0051_0051.jpg 1 20 38 51 51
1846_0040_0012_0042_0042.jpg 1 40 12 42 42
1847_0013_0060_0027_0027.jpg 1 13 60 27 27
1848_0026_0005_0061_0061.jpg 1 26 5 61 61
1849_0022_0005_0066_0066.jpg 1 22 5 66 66
1850_0041_0026_0052_0052.jpg 1 41 26 52 52
1851_0034_0019_0060_0060.jpg 1 34 19 60 60
1852_0031_0033_0054_0054.jpg 1 31 33 54 54
1853_0036_0017_0039_0039.jpg 1 36 17 39 39
1854_0028_0057_0030_0030.jpg 1 28 57 30 30
1855_0024_0007_0061_0061.jpg 1 24 7 61 61
1856_0007_0009_0057_0057.jpg 1 7 9 57 57
1857_0040_0012_0036_0036.jpg 1 40 12 36 36
1858_0062_0037_0028_0028.jpg 1 62 37 28 28
1859_0019_0023_0068_0068.jpg 1 19 23 68 68
1860_0011_0018_0040_0040.jpg 1 11 18 40 40
1861_0034_0010_0058_0058.jpg 1 34 10 58 58
1862_0027_0015_0064_0064.jpg 1 27 15 64 64
1863_0032_0008_0059_0059.jpg 1 32 8 59 59
1864_0010_0030_0065_0065.jpg 1 10 30 65 65
1865_0023_0016_0067_0067.jpg 1 23 16 67 67
1866_0014_0006_0069_0069.jpg 1 14 6 69 69
1867_0040_0045_0034_0034.jpg 1 40 45 34 34
1868_0021_0017_0036_0036.jpg 1 21 17 36 36
1869_0020_0041_0039_0039.jpg 1 20 41 39 39
1870_0021_0037_0057_0057.jpg 1 21 37 57 57
1871_0006_0008_0049_0049.jpg 1 6 8 49 49
1872_0007_0035_0034_0034.jpg 1 7 35 34 34
1873_0004_0015_0069_0069.jpg 1 4 15 69 69
1874_0016_0013_0032_0032.jpg 1 16 13 32 32
1875_0042_0006_0049_0049.jpg 1 42 6 49 49
1876_0012_0029_0027_0027.jpg 1 12 29 27 27
1877_0043_0048_0029_0029.jpg 1 43 48 29 29
1878_0036_0037_0047_0047.jpg 1 36 37 47 47
1879_0017_0011_0068_0068.jpg 1 17 11 68 68
1880_0026_0019_0035_0035.jpg 1 26 19 35 35
1881_0006_0014_0048_0048.jpg 1 6 14 48 48
1882_0028_0025_0038_0038.jpg 1 28 25 38 38
1883_0050_0049_0042_0042.jpg 1 50 49 42 42
1884_0017_0033_0056_0056.jpg 1 17 33 56 56
1885_0006_0041_0036_0036.jpg 1 6 41 36 36
1886_0014_0025_0041_0041.jpg 1 14 25 41 41
1887_0022_0026_0048_0048.jpg 1 22 26 48 48
1888_0010_0032_0040_0040.jpg 1 10 32 40 40
1889_0068_0045_0024_0024.jpg 1 68 45 24 24
1890_0053_0051_0037_0037.jpg 1 53 51 37 37
1891_0024_0006_0052_0052.jpg 1 24 6 52 52
1892_0011_0038_0057_0057.jpg 1 11 38 57 57
1893_0040_0026_0033_0033.jpg 1 40 26 33 33
1894_0023_0045_0035_0035.jpg 1 23 45 35 35
1895_0037_0012_0046_0046.jpg 1 37 12 46 46
1896_0016_0004_0060_0060.jpg 1 16 4 60 60
1897_0033_0048_0042_0042.jpg 1 33 48 42 42
1898_0007_0035_0046_0046.jpg 1 7 35 46 46
1899_0035_0022_0057_0057.jpg 1 35 22 57 57
1900_0028_0055_0029_0029.jpg 1 28 55 29 29
1901_0025_0029_0050_0050.jpg 1 25 29 50 50
1902_0026_0014_0036_0036.jpg 1 26 14 36 36
1903_0012_0026_0054_0054.jpg 1 12 26 54 54
1904_0030_0028_0028_0028.jpg 1 30 28 28 28
1905_0044_0020_0036_0036.jpg 1 44 20 36 36
1906_0047_0050_0033_0033.jpg 1 47 50 33 33
1907_0028_0034_0053_0053.jpg 1 28 34 53 53
1908_0012_0005_0065_0065.jpg 1 12 5 65 65
1909_0023_0023_0045_0045.jpg 1 23 23 45 45
1910_0018_0006_0069_0069.jpg 1 18 6 69 69
1911_0008_0027_0032_0032.jpg 1 8 27 32 32
1912_0021_0018_0049_0049.jpg 1 21 18 49 49
1913_0030_0009_0025_0025.jpg 1 30 9 25 25
1914_0028_0048_0034_0034.jpg 1 28 48 34 34
1915_0023_0019_0064_0064.jpg 1 23 19 64 64
1916_0007_0031_0049_0049.jpg 1 7 31 49 49
1917_0031_0021_0049_0049.jpg 1 31 21 49 49
1918_0039_0021_0049_0049.jpg 1 39 21 49 49
1919_0038_0035_0039_0039.jpg 1 38 35 39 39
1920_0005_0009_0063_0063.jpg 1 5 9 63 63
1921_0036_0013_0027_0027.jpg 1 36 13 27 27
1922_0012_0003_0067_0067.jpg 1 12 3 67 67
1923_0040_0019_0045_0045.jpg 1 40 19 45 45
1924_0024_0014_0062_0062.jpg 1 24 14 62 62
1925_0017_0029_0059_0059.jpg 1 17 29 59 59
1926_0050_0009_0029_0029.jpg 1 50 9 29 29
1927_0006_0035_0037_0037.jpg 1 6 35 37 37
1928_0024_0011_0064_0064.jpg 1 24 11 64 64
1929_0010_0018_0061_0061.jpg 1 10 18 61 61
1930_0007_0014_0057_0057.jpg 1 7 14 57 57
